[Fri Nov  8 21:13:50 202] - new black
[Fri Nov  8 21:13:52 202] - move AABB
[Fri Nov  8 21:14:01 202] - move CCDD
[Fri Nov  8 21:14:13 202] - exit
[Fri Nov  8 21:14:56 202] - new black
[Fri Nov  8 21:14:58 202] - move AABB
[Fri Nov  8 21:16:15 202] - exit
[Fri Nov  8 21:16:19 202] - new black
[Fri Nov  8 21:16:21 202] - move AABB
[Fri Nov  8 21:17:08 202] - exit
[Fri Nov  8 21:17:11 202] - new black
[Fri Nov  8 21:17:13 202] - move AABB
[Fri Nov  8 21:17:48 202] - exit
[Fri Nov  8 21:17:51 202] - new black
[Fri Nov  8 21:17:53 202] - move AABB
[Fri Nov  8 21:20:27 202] - exit
[Fri Nov  8 21:20:30 202] - new black
[Fri Nov  8 21:21:17 202] - new black
[Fri Nov  8 21:21:19 202] - move AABB
[Fri Nov  8 21:22:53 202] - exit
[Fri Nov  8 21:22:56 202] - new black
[Fri Nov  8 21:22:58 202] - move AABB
[Fri Nov  8 21:24:09 202] - exit
[Fri Nov  8 21:24:11 202] - new black
[Fri Nov  8 21:24:13 202] - move AABB
[Fri Nov  8 21:26:45 202] - exit
[Fri Nov  8 21:26:48 202] - new black
[Fri Nov  8 21:26:50 202] - move AABB
[Fri Nov  8 21:27:04 202] - new black
[Fri Nov  8 21:27:08 202] - move AABB
[Fri Nov  8 21:28:33 202] - move CCDD
[Fri Nov  8 21:29:39 202] - exit
[Fri Nov  8 21:29:45 202] - new black
[Fri Nov  8 21:29:46 202] - move AABB
[Fri Nov  8 21:30:03 202] - exit
[Fri Nov  8 21:42:58 202] - new black
[Fri Nov  8 21:43:00 202] - move AABB
[Fri Nov  8 21:45:15 202] - new black
[Fri Nov  8 21:45:17 202] - move AABB
[Fri Nov  8 21:45:31 202] - new black
[Fri Nov  8 21:45:33 202] - move AABB
[Fri Nov  8 21:46:14 202] - new black
[Fri Nov  8 21:46:16 202] - move AABB
[Fri Nov  8 21:46:29 202] - new black
[Fri Nov  8 21:46:30 202] - move AABB
[Fri Nov  8 21:46:44 202] - new black
[Fri Nov  8 21:46:49 202] - move AABB
[Fri Nov  8 21:47:14 202] - new black
[Fri Nov  8 21:47:17 202] - move AABB
[Fri Nov  8 21:48:12 202] - new black
[Fri Nov  8 21:48:14 202] - move AABB
[Fri Nov  8 21:48:27 202] - new black
[Fri Nov  8 21:48:29 202] - move AABB
[Fri Nov  8 21:48:36 202] - new black
[Fri Nov  8 21:48:38 202] - move AABB
[Fri Nov  8 21:53:50 202] - exit
[Sun Nov 10 18:52:42 202] - new black
[Sun Nov 10 18:52:44 202] - move AABB
[Sun Nov 10 18:53:00 202] - new black
[Sun Nov 10 18:53:04 202] - move AABB
[Sun Nov 10 18:53:21 202] - new black
[Sun Nov 10 18:53:23 202] - move AABB
[Sun Nov 10 18:57:45 202] - exit
[Sun Nov 10 19:56:25 202] - new black
[Sun Nov 10 19:59:14 202] - new black
[Sun Nov 10 19:59:32 202] - new black
[Sun Nov 10 19:59:35 202] - move AABB
[Sun Nov 10 19:59:51 202] - new black
[Sun Nov 10 19:59:53 202] - move AABB
[Sun Nov 10 20:01:19 202] - new black
[Sun Nov 10 20:01:21 202] - move AABB
[Sun Nov 10 20:01:28 202] - move CCDD
[Sun Nov 10 20:01:42 202] - move EEAB
[Sun Nov 10 20:01:49 202] - move BCBD
[Sun Nov 10 20:01:55 202] - exit
[Sun Nov 10 20:10:49 202] - new black
[Sun Nov 10 20:10:51 202] - move AABB
[Sun Nov 10 20:11:03 202] - new black
[Sun Nov 10 20:11:04 202] - move AABB
[Sun Nov 10 20:11:24 202] - exit
[Sun Nov 10 20:11:39 202] - new black
[Sun Nov 10 20:11:41 202] - move AABB
[Sun Nov 10 20:12:00 202] - exit
[Sun Nov 10 20:12:02 202] - new black
[Sun Nov 10 20:12:04 202] - move AABB
[Sun Nov 10 20:12:08 202] - exit
[Sun Nov 10 20:28:01 202] - new black
[Sun Nov 10 20:28:04 202] - move AABB
[Sun Nov 10 20:32:27 202] - exit
[Sun Nov 10 20:35:57 202] - new black
[Sun Nov 10 20:35:59 202] - move AABB
[Sun Nov 10 20:36:03 202] - move CCDD
[Sun Nov 10 20:36:07 202] - move EEAB
[Sun Nov 10 20:36:15 202] - exit
[Sun Nov 10 21:03:59 202] - new black
[Sun Nov 10 21:04:00 202] - move AABB
[Sun Nov 10 21:04:56 202] - new black
[Sun Nov 10 21:04:59 202] - move AABB
[Sun Nov 10 21:05:04 202] - move CCDD
[Sun Nov 10 21:06:08 202] - move ABAC
[Sun Nov 10 21:06:20 202] - moBACA
[Sun Nov 10 21:06:24 202] - move BACA
[Sun Nov 10 21:06:40 202] - move SRRS
[Sun Nov 10 21:06:54 202] - exit
[Sun Nov 10 21:15:27 202] - new black
[Sun Nov 10 21:15:29 202] - move AABB
[Sun Nov 10 21:15:57 202] - new black
[Sun Nov 10 21:16:00 202] - move AABB
[Sun Nov 10 21:16:45 202] - exit
[Sun Nov 10 21:16:48 202] - new black
[Sun Nov 10 21:16:50 202] - move AABB
[Sun Nov 10 21:16:55 202] - exit
[Sun Nov 10 21:24:25 202] - new black
[Sun Nov 10 21:25:37 202] - exit
[Sun Nov 10 21:34:15 202] - new black
[Sun Nov 10 21:34:16 202] - move AABB
[Sun Nov 10 21:35:40 202] - new black
[Sun Nov 10 21:35:42 202] - move AABB
[Sun Nov 10 21:42:39 202] - exit
[Sun Nov 10 21:47:38 202] - new black
[Sun Nov 10 21:47:40 202] - move AABB
[Sun Nov 10 21:48:10 202] - move CCDD
[Sun Nov 10 21:53:12 202] - move ABAC
[Sun Nov 10 21:58:36 202] - exit
[Sun Nov 10 21:58:40 202] - new black
[Sun Nov 10 21:58:41 202] - move AABB
[Sun Nov 10 21:59:05 202] - exit
[Mon Nov 11 11:12:37 202] - new black
[Mon Nov 11 11:12:39 202] - move AABB
[Mon Nov 11 11:13:48 202] - new black
[Mon Nov 11 11:13:49 202] - move AABB
[Mon Nov 11 11:14:53 202] - exit
[Mon Nov 11 11:15:01 202] - new black
[Mon Nov 11 11:15:03 202] - move AABB
[Mon Nov 11 11:19:07 202] - exit
[Mon Nov 11 11:19:13 202] - new black
[Mon Nov 11 11:19:17 202] - move AABB
[Mon Nov 11 11:20:23 202] - exit
[Mon Nov 11 11:20:39 202] - new black
[Mon Nov 11 11:20:41 202] - move AABB
[Mon Nov 11 11:20:52 202] - new black
[Mon Nov 11 11:20:55 202] - move AABB
[Mon Nov 11 11:21:35 202] - exit
[Mon Nov 11 11:21:57 202] - new black
[Mon Nov 11 11:21:59 202] - move AABB
[Mon Nov 11 11:52:41 202] - if board[fila][col] == color_ia:
[Mon Nov 11 11:52:41 202] - distancia_al_centro = abs(fila - centro[0]) + abs(col - centro[1])
[Mon Nov 11 11:52:41 202] - puntuacion += 10 - distancia_al_centro
[Mon Nov 11 11:52:41 202] - if board[fila][col] == color_jugador:
[Mon Nov 11 11:52:41 202] - distancia_al_centro = abs(fila - centro[0]) + abs(col - centro[1])
[Mon Nov 11 11:52:58 202] - exit
[Mon Nov 11 11:53:01 202] - new black
[Mon Nov 11 11:53:04 202] - move AABB
[Mon Nov 11 11:54:04 202] - exit
[Mon Nov 11 11:54:09 202] - if board[fila][col] == color_ia:
[Mon Nov 11 11:54:09 202] - distancia_al_centro = abs(fila - centro[0]) + abs(col - centro[1])
[Mon Nov 11 11:54:09 202] - puntuacion += 10 - distancia_al_centro
[Mon Nov 11 11:54:09 202] - if board[fila][col] == color_jugador:
[Mon Nov 11 11:54:09 202] - distancia_al_centro = abs(fila - centro[0]) + abs(col - centro[1])
[Mon Nov 11 11:54:17 202] - new black
[Mon Nov 11 11:54:20 202] - move AABB
[Mon Nov 11 11:54:59 202] - exit
[Mon Nov 11 11:55:02 202] - new black
[Mon Nov 11 11:55:04 202] - move AABB
[Mon Nov 11 11:55:44 202] - exit
[Mon Nov 11 11:56:13 202] - new black
[Mon Nov 11 11:56:14 202] - move AABB
[Mon Nov 11 11:59:47 202] - exit
[Mon Nov 11 11:59:55 202] - bew black
[Mon Nov 11 11:59:57 202] - move AABB
[Mon Nov 11 12:00:10 202] - new black
[Mon Nov 11 12:00:13 202] - move AABB
[Mon Nov 11 12:02:30 202] - exit
[Mon Nov 11 12:02:32 202] - new black
[Mon Nov 11 12:02:34 202] - move AABB
[Mon Nov 11 12:03:39 202] - exit
[Mon Nov 11 12:03:45 202] - new black
[Mon Nov 11 12:03:47 202] - move AABB
[Mon Nov 11 12:04:31 202] - exit
[Mon Nov 11 12:04:50 202] - new black
[Mon Nov 11 12:04:53 202] - move AABB
[Mon Nov 11 12:06:14 202] - exit
[Mon Nov 11 12:06:21 202] - new black
[Mon Nov 11 12:06:23 202] - move AABB
[Mon Nov 11 12:07:32 202] - move CCDD
[Mon Nov 11 12:08:04 202] - move EEAB
[Mon Nov 11 12:11:17 202] - exit
[Mon Nov 11 12:21:12 202] - new black
[Mon Nov 11 12:21:13 202] - move AABB
[Mon Nov 11 12:22:13 202] - exit
[Mon Nov 11 12:22:17 202] - new black
[Mon Nov 11 12:22:18 202] - move AABB
[Mon Nov 11 12:24:02 202] - exit
[Mon Nov 11 12:24:08 202] - new black
[Mon Nov 11 12:24:09 202] - move AABB
[Mon Nov 11 12:24:59 202] - move CCDD
[Mon Nov 11 12:53:05 202] - exit
