[Sun Sep 29 11:34:27 2024] - name
[Sun Sep 29 11:34:27 2024] - depth 4
[Sun Sep 29 11:34:27 2024] - vcf
[Sun Sep 29 11:34:30 2024] - name
[Sun Sep 29 11:34:30 2024] - depth 4
[Sun Sep 29 11:34:30 2024] - vcf
[Sun Sep 29 11:34:30 2024] - new xxx
[Sun Sep 29 11:34:30 2024] - next
[Sun Sep 29 11:34:32 2024] - new xxx
[Sun Sep 29 11:34:32 2024] - black JJJJ
[Sun Sep 29 11:34:32 2024] - white JKIJ
[Sun Sep 29 11:34:32 2024] - next
[Sun Sep 29 11:34:41 2024] - new xxx
[Sun Sep 29 11:34:41 2024] - black JJJJ
[Sun Sep 29 11:34:41 2024] - white JKIJ
[Sun Sep 29 11:34:41 2024] - black KLKK
[Sun Sep 29 11:34:41 2024] - white KMJL
[Sun Sep 29 11:34:41 2024] - next
[Sun Sep 29 11:34:47 2024] - new xxx
[Sun Sep 29 11:34:47 2024] - black JJJJ
[Sun Sep 29 11:34:47 2024] - white JKIJ
[Sun Sep 29 11:34:47 2024] - black KLKK
[Sun Sep 29 11:34:47 2024] - white KMJL
[Sun Sep 29 11:34:47 2024] - black KIKG
[Sun Sep 29 11:34:47 2024] - white KJJM
[Sun Sep 29 11:34:47 2024] - next
[Sun Sep 29 11:34:54 2024] - new xxx
[Sun Sep 29 11:34:54 2024] - black JJJJ
[Sun Sep 29 11:34:54 2024] - white JKIJ
[Sun Sep 29 11:34:54 2024] - black KLKK
[Sun Sep 29 11:34:54 2024] - white KMJL
[Sun Sep 29 11:34:54 2024] - black KIKG
[Sun Sep 29 11:34:54 2024] - white KJJM
[Sun Sep 29 11:34:54 2024] - black LHIK
[Sun Sep 29 11:34:54 2024] - white HLMG
[Sun Sep 29 11:34:54 2024] - next
[Sun Sep 29 11:34:58 2024] - new xxx
[Sun Sep 29 11:34:58 2024] - black JJJJ
[Sun Sep 29 11:34:58 2024] - white JKIJ
[Sun Sep 29 11:34:58 2024] - black KLKK
[Sun Sep 29 11:34:58 2024] - white KMJL
[Sun Sep 29 11:34:58 2024] - black KIKG
[Sun Sep 29 11:34:58 2024] - white KJJM
[Sun Sep 29 11:34:58 2024] - black LHIK
[Sun Sep 29 11:34:58 2024] - white HLMG
[Sun Sep 29 11:34:58 2024] - black NJMI
[Sun Sep 29 11:34:58 2024] - white JFOK
[Sun Sep 29 11:34:58 2024] - next
[Sun Sep 29 11:35:03 2024] - new xxx
[Sun Sep 29 11:35:03 2024] - black JJJJ
[Sun Sep 29 11:35:03 2024] - white JKIJ
[Sun Sep 29 11:35:03 2024] - black KLKK
[Sun Sep 29 11:35:03 2024] - white KMJL
[Sun Sep 29 11:35:03 2024] - black KIKG
[Sun Sep 29 11:35:03 2024] - white KJJM
[Sun Sep 29 11:35:03 2024] - black LHIK
[Sun Sep 29 11:35:03 2024] - white HLMG
[Sun Sep 29 11:35:03 2024] - black NJMI
[Sun Sep 29 11:35:03 2024] - white JFOK
[Sun Sep 29 11:35:03 2024] - black JILI
[Sun Sep 29 11:35:03 2024] - white IINI
[Sun Sep 29 11:35:03 2024] - next
[Sun Sep 29 11:35:06 2024] - new xxx
[Sun Sep 29 11:35:06 2024] - black JJJJ
[Sun Sep 29 11:35:06 2024] - white JKIJ
[Sun Sep 29 11:35:06 2024] - black KLKK
[Sun Sep 29 11:35:06 2024] - white KMJL
[Sun Sep 29 11:35:06 2024] - black KIKG
[Sun Sep 29 11:35:06 2024] - white KJJM
[Sun Sep 29 11:35:06 2024] - black LHIK
[Sun Sep 29 11:35:06 2024] - white HLMG
[Sun Sep 29 11:35:06 2024] - black NJMI
[Sun Sep 29 11:35:06 2024] - white JFOK
[Sun Sep 29 11:35:06 2024] - black JILI
[Sun Sep 29 11:35:06 2024] - white IINI
[Sun Sep 29 11:35:06 2024] - black LGLJ
[Sun Sep 29 11:35:06 2024] - white LKLF
[Sun Sep 29 11:35:06 2024] - next
[Sun Sep 29 11:35:10 2024] - new xxx
[Sun Sep 29 11:35:10 2024] - black JJJJ
[Sun Sep 29 11:35:10 2024] - white JKIJ
[Sun Sep 29 11:35:10 2024] - black KLKK
[Sun Sep 29 11:35:10 2024] - white KMJL
[Sun Sep 29 11:35:10 2024] - black KIKG
[Sun Sep 29 11:35:10 2024] - white KJJM
[Sun Sep 29 11:35:10 2024] - black LHIK
[Sun Sep 29 11:35:10 2024] - white HLMG
[Sun Sep 29 11:35:10 2024] - black NJMI
[Sun Sep 29 11:35:10 2024] - white JFOK
[Sun Sep 29 11:35:10 2024] - black JILI
[Sun Sep 29 11:35:10 2024] - white IINI
[Sun Sep 29 11:35:10 2024] - black LGLJ
[Sun Sep 29 11:35:10 2024] - white LKLF
[Sun Sep 29 11:35:10 2024] - black MKJH
[Sun Sep 29 11:35:10 2024] - white NLIG
[Sun Sep 29 11:35:10 2024] - next
[Sun Sep 29 11:35:12 2024] - new xxx
[Sun Sep 29 11:35:12 2024] - black JJJJ
[Sun Sep 29 11:35:12 2024] - white JKIJ
[Sun Sep 29 11:35:12 2024] - black KLKK
[Sun Sep 29 11:35:12 2024] - white KMJL
[Sun Sep 29 11:35:12 2024] - black KIKG
[Sun Sep 29 11:35:12 2024] - white KJJM
[Sun Sep 29 11:35:12 2024] - black LHIK
[Sun Sep 29 11:35:12 2024] - white HLMG
[Sun Sep 29 11:35:12 2024] - black NJMI
[Sun Sep 29 11:35:12 2024] - white JFOK
[Sun Sep 29 11:35:12 2024] - black JILI
[Sun Sep 29 11:35:12 2024] - white IINI
[Sun Sep 29 11:35:12 2024] - black LGLJ
[Sun Sep 29 11:35:12 2024] - white LKLF
[Sun Sep 29 11:35:12 2024] - black MKJH
[Sun Sep 29 11:35:12 2024] - white NLIG
[Sun Sep 29 11:35:12 2024] - black IHKH
[Sun Sep 29 11:35:12 2024] - white MHHH
[Sun Sep 29 11:35:12 2024] - next
[Sun Sep 29 11:35:22 2024] - new xxx
[Sun Sep 29 11:35:22 2024] - black JJJJ
[Sun Sep 29 11:35:22 2024] - white JKIJ
[Sun Sep 29 11:35:22 2024] - black KLKK
[Sun Sep 29 11:35:22 2024] - white KMJL
[Sun Sep 29 11:35:22 2024] - black KIKG
[Sun Sep 29 11:35:22 2024] - white KJJM
[Sun Sep 29 11:35:22 2024] - black LHIK
[Sun Sep 29 11:35:22 2024] - white HLMG
[Sun Sep 29 11:35:22 2024] - black NJMI
[Sun Sep 29 11:35:22 2024] - white JFOK
[Sun Sep 29 11:35:22 2024] - black JILI
[Sun Sep 29 11:35:22 2024] - white IINI
[Sun Sep 29 11:35:22 2024] - black LGLJ
[Sun Sep 29 11:35:22 2024] - white LKLF
[Sun Sep 29 11:35:22 2024] - black MKJH
[Sun Sep 29 11:35:22 2024] - white NLIG
[Sun Sep 29 11:35:22 2024] - black IHKH
[Sun Sep 29 11:35:22 2024] - white MHHH
[Sun Sep 29 11:35:22 2024] - black MFNH
[Sun Sep 29 11:35:22 2024] - white OGNE
[Sun Sep 29 11:35:22 2024] - next
[Sun Sep 29 11:35:28 2024] - new xxx
[Sun Sep 29 11:35:28 2024] - black JJJJ
[Sun Sep 29 11:35:28 2024] - white JKIJ
[Sun Sep 29 11:35:28 2024] - black KLKK
[Sun Sep 29 11:35:28 2024] - white KMJL
[Sun Sep 29 11:35:28 2024] - black KIKG
[Sun Sep 29 11:35:28 2024] - white KJJM
[Sun Sep 29 11:35:28 2024] - black LHIK
[Sun Sep 29 11:35:28 2024] - white HLMG
[Sun Sep 29 11:35:28 2024] - black NJMI
[Sun Sep 29 11:35:28 2024] - white JFOK
[Sun Sep 29 11:35:28 2024] - black JILI
[Sun Sep 29 11:35:28 2024] - white IINI
[Sun Sep 29 11:35:28 2024] - black LGLJ
[Sun Sep 29 11:35:28 2024] - white LKLF
[Sun Sep 29 11:35:28 2024] - black MKJH
[Sun Sep 29 11:35:28 2024] - white NLIG
[Sun Sep 29 11:35:28 2024] - black IHKH
[Sun Sep 29 11:35:28 2024] - white MHHH
[Sun Sep 29 11:35:28 2024] - black MFNH
[Sun Sep 29 11:35:28 2024] - white OGNE
[Sun Sep 29 11:35:28 2024] - black MJJG
[Sun Sep 29 11:35:28 2024] - white NKJN
[Sun Sep 29 11:35:28 2024] - next
