[Sun Sep 29 12:52:43 202] - name
[Sun Sep 29 12:52:43 202] - depth 4
[Sun Sep 29 12:52:43 202] - vcf
[Sun Sep 29 12:52:48 202] - name
[Sun Sep 29 12:52:48 202] - depth 4
[Sun Sep 29 12:52:48 202] - vcf
[Sun Sep 29 12:52:48 202] - new xxx
[Sun Sep 29 12:52:48 202] - next
[Sun Sep 29 12:52:51 202] - new xxx
[Sun Sep 29 12:52:51 202] - black JJJJ
[Sun Sep 29 12:52:51 202] - white AABB
[Sun Sep 29 12:52:51 202] - next
[Sun Sep 29 12:52:53 202] - new xxx
[Sun Sep 29 12:52:53 202] - black JJJJ
[Sun Sep 29 12:52:53 202] - white AABB
[Sun Sep 29 12:52:53 202] - black ASBS
[Sun Sep 29 12:52:53 202] - white CCDD
[Sun Sep 29 12:52:53 202] - next
[Mon Sep 30 10:30:37 202] - name
[Mon Sep 30 10:30:37 202] - depth 4
[Mon Sep 30 10:30:37 202] - vcf
[Mon Sep 30 10:30:40 202] - name
[Mon Sep 30 10:30:40 202] - depth 4
[Mon Sep 30 10:30:40 202] - vcf
[Mon Sep 30 10:30:40 202] - new xxx
[Mon Sep 30 10:30:40 202] - next
[Mon Sep 30 10:30:43 202] - new xxx
[Mon Sep 30 10:30:43 202] - black JJJJ
[Mon Sep 30 10:30:43 202] - white AABB
[Mon Sep 30 10:30:43 202] - next
[Mon Sep 30 10:30:48 202] - new xxx
[Mon Sep 30 10:30:48 202] - black JJJJ
[Mon Sep 30 10:30:48 202] - white AABB
[Mon Sep 30 10:30:48 202] - black BACA
[Mon Sep 30 10:30:48 202] - white CBCC
[Mon Sep 30 10:30:48 202] - next
[Mon Sep 30 10:30:52 202] - new xxx
[Mon Sep 30 10:30:52 202] - black JJJJ
[Mon Sep 30 10:30:52 202] - white AABB
[Mon Sep 30 10:30:52 202] - black BACA
[Mon Sep 30 10:30:52 202] - white CBCC
[Mon Sep 30 10:30:52 202] - black DBDA
[Mon Sep 30 10:30:52 202] - white ABAC
[Mon Sep 30 10:30:52 202] - next
[Mon Sep 30 10:30:56 202] - new xxx
[Mon Sep 30 10:30:56 202] - black JJJJ
[Mon Sep 30 10:30:56 202] - white AABB
[Mon Sep 30 10:30:56 202] - black BACA
[Mon Sep 30 10:30:56 202] - white CBCC
[Mon Sep 30 10:30:56 202] - black DBDA
[Mon Sep 30 10:30:56 202] - white ABAC
[Mon Sep 30 10:30:56 202] - black BCDC
[Mon Sep 30 10:30:56 202] - white ADAE
[Mon Sep 30 10:30:56 202] - next
[Mon Sep 30 10:30:59 202] - new xxx
[Mon Sep 30 10:30:59 202] - black JJJJ
[Mon Sep 30 10:30:59 202] - white AABB
[Mon Sep 30 10:30:59 202] - black BACA
[Mon Sep 30 10:30:59 202] - white CBCC
[Mon Sep 30 10:30:59 202] - black DBDA
[Mon Sep 30 10:30:59 202] - white ABAC
[Mon Sep 30 10:30:59 202] - black BCDC
[Mon Sep 30 10:30:59 202] - white ADAE
[Mon Sep 30 10:30:59 202] - black BDBE
[Mon Sep 30 10:30:59 202] - white CDCE
[Mon Sep 30 10:30:59 202] - next
[Mon Sep 30 10:31:05 202] - name
[Mon Sep 30 10:31:05 202] - depth 4
[Mon Sep 30 10:31:05 202] - vcf
[Mon Sep 30 10:31:05 202] - new xxx
[Mon Sep 30 10:31:05 202] - next
[Mon Sep 30 10:31:07 202] - new xxx
[Mon Sep 30 10:31:07 202] - black JJJJ
[Mon Sep 30 10:31:07 202] - white FJFK
[Mon Sep 30 10:31:07 202] - next
[Mon Sep 30 10:31:09 202] - new xxx
[Mon Sep 30 10:31:09 202] - black JJJJ
[Mon Sep 30 10:31:09 202] - white FJFK
[Mon Sep 30 10:31:09 202] - black GIEJ
[Mon Sep 30 10:31:09 202] - white EIGK
[Mon Sep 30 10:31:09 202] - next
[Mon Sep 30 10:31:12 202] - new xxx
[Mon Sep 30 10:31:12 202] - black JJJJ
[Mon Sep 30 10:31:12 202] - white FJFK
[Mon Sep 30 10:31:12 202] - black GIEJ
[Mon Sep 30 10:31:12 202] - white EIGK
[Mon Sep 30 10:31:12 202] - black DHHJ
[Mon Sep 30 10:31:12 202] - white EKDL
[Mon Sep 30 10:31:12 202] - next
[Mon Sep 30 10:31:33 202] - name
[Mon Sep 30 10:31:33 202] - depth 4
[Mon Sep 30 10:31:33 202] - vcf
[Mon Sep 30 10:31:35 202] - name
[Mon Sep 30 10:31:35 202] - depth 4
[Mon Sep 30 10:31:35 202] - vcf
[Mon Sep 30 10:31:35 202] - name
[Mon Sep 30 10:31:35 202] - depth 4
[Mon Sep 30 10:31:35 202] - vcf
[Mon Sep 30 10:31:35 202] - new xxx
[Mon Sep 30 10:31:35 202] - next
[Mon Sep 30 10:31:37 202] - new xxx
[Mon Sep 30 10:31:37 202] - black JJJJ
[Mon Sep 30 10:31:37 202] - next
[Mon Sep 30 10:32:13 202] - name
[Mon Sep 30 10:32:13 202] - depth 4
[Mon Sep 30 10:32:13 202] - vcf
[Mon Sep 30 10:32:13 202] - new xxx
[Mon Sep 30 10:32:13 202] - next
[Mon Sep 30 10:32:15 202] - new xxx
[Mon Sep 30 10:32:15 202] - black JJJJ
[Mon Sep 30 10:32:15 202] - white FJJP
[Mon Sep 30 10:32:15 202] - next
[Mon Sep 30 10:32:19 202] - new xxx
[Mon Sep 30 10:32:19 202] - black JJJJ
[Mon Sep 30 10:32:19 202] - white FJJP
[Mon Sep 30 10:32:19 202] - black GIKO
[Mon Sep 30 10:32:19 202] - white EOMF
[Mon Sep 30 10:32:19 202] - next
[Mon Sep 30 10:32:23 202] - new xxx
[Mon Sep 30 10:32:23 202] - black JJJJ
[Mon Sep 30 10:32:23 202] - white FJJP
[Mon Sep 30 10:32:23 202] - black GIKO
[Mon Sep 30 10:32:23 202] - white EOMF
[Mon Sep 30 10:32:23 202] - black JOME
[Mon Sep 30 10:32:23 202] - white LFFC
[Mon Sep 30 10:32:23 202] - next
[Mon Sep 30 10:32:27 202] - new xxx
[Mon Sep 30 10:32:27 202] - black JJJJ
[Mon Sep 30 10:32:27 202] - white FJJP
[Mon Sep 30 10:32:27 202] - black GIKO
[Mon Sep 30 10:32:27 202] - white EOMF
[Mon Sep 30 10:32:27 202] - black JOME
[Mon Sep 30 10:32:27 202] - white LFFC
[Mon Sep 30 10:32:27 202] - black DNLE
[Mon Sep 30 10:32:27 202] - white AHRP
[Mon Sep 30 10:32:27 202] - next
[Mon Sep 30 10:32:32 202] - new xxx
[Mon Sep 30 10:32:32 202] - black JJJJ
[Mon Sep 30 10:32:32 202] - white FJJP
[Mon Sep 30 10:32:32 202] - black GIKO
[Mon Sep 30 10:32:32 202] - white EOMF
[Mon Sep 30 10:32:32 202] - black JOME
[Mon Sep 30 10:32:32 202] - white LFFC
[Mon Sep 30 10:32:32 202] - black DNLE
[Mon Sep 30 10:32:32 202] - white AHRP
[Mon Sep 30 10:32:32 202] - black SPGB
[Mon Sep 30 10:32:32 202] - white SJQN
[Mon Sep 30 10:32:32 202] - next
[Mon Sep 30 10:32:37 202] - new xxx
[Mon Sep 30 10:32:37 202] - black JJJJ
[Mon Sep 30 10:32:37 202] - white FJJP
[Mon Sep 30 10:32:37 202] - black GIKO
[Mon Sep 30 10:32:37 202] - white EOMF
[Mon Sep 30 10:32:37 202] - black JOME
[Mon Sep 30 10:32:37 202] - white LFFC
[Mon Sep 30 10:32:37 202] - black DNLE
[Mon Sep 30 10:32:37 202] - white AHRP
[Mon Sep 30 10:32:37 202] - black SPGB
[Mon Sep 30 10:32:37 202] - white SJQN
[Mon Sep 30 10:32:37 202] - black SOKP
[Mon Sep 30 10:32:37 202] - white PDSA
[Mon Sep 30 10:32:37 202] - next
[Mon Sep 30 10:32:46 202] - new xxx
[Mon Sep 30 10:32:46 202] - black JJJJ
[Mon Sep 30 10:32:46 202] - white FJJP
[Mon Sep 30 10:32:46 202] - black GIKO
[Mon Sep 30 10:32:46 202] - white EOMF
[Mon Sep 30 10:32:46 202] - black JOME
[Mon Sep 30 10:32:46 202] - white LFFC
[Mon Sep 30 10:32:46 202] - black DNLE
[Mon Sep 30 10:32:46 202] - white AHRP
[Mon Sep 30 10:32:46 202] - black SPGB
[Mon Sep 30 10:32:46 202] - white SJQN
[Mon Sep 30 10:32:46 202] - black SOKP
[Mon Sep 30 10:32:46 202] - white PDSA
[Mon Sep 30 10:32:46 202] - black AGQC
[Mon Sep 30 10:32:46 202] - white OPMJ
[Mon Sep 30 10:32:46 202] - next
[Mon Sep 30 10:32:51 202] - new xxx
[Mon Sep 30 10:32:51 202] - black JJJJ
[Mon Sep 30 10:32:51 202] - white FJJP
[Mon Sep 30 10:32:51 202] - black GIKO
[Mon Sep 30 10:32:51 202] - white EOMF
[Mon Sep 30 10:32:51 202] - black JOME
[Mon Sep 30 10:32:51 202] - white LFFC
[Mon Sep 30 10:32:51 202] - black DNLE
[Mon Sep 30 10:32:51 202] - white AHRP
[Mon Sep 30 10:32:51 202] - black SPGB
[Mon Sep 30 10:32:51 202] - white SJQN
[Mon Sep 30 10:32:51 202] - black SOKP
[Mon Sep 30 10:32:51 202] - white PDSA
[Mon Sep 30 10:32:51 202] - black AGQC
[Mon Sep 30 10:32:51 202] - white OPMJ
[Mon Sep 30 10:32:51 202] - black PPFB
[Mon Sep 30 10:32:51 202] - white DDAA
[Mon Sep 30 10:32:51 202] - next
[Mon Sep 30 10:32:55 202] - new xxx
[Mon Sep 30 10:32:55 202] - black JJJJ
[Mon Sep 30 10:32:55 202] - white FJJP
[Mon Sep 30 10:32:55 202] - black GIKO
[Mon Sep 30 10:32:55 202] - white EOMF
[Mon Sep 30 10:32:55 202] - black JOME
[Mon Sep 30 10:32:55 202] - white LFFC
[Mon Sep 30 10:32:55 202] - black DNLE
[Mon Sep 30 10:32:56 202] - white AHRP
[Mon Sep 30 10:32:56 202] - black SPGB
[Mon Sep 30 10:32:56 202] - white SJQN
[Mon Sep 30 10:32:56 202] - black SOKP
[Mon Sep 30 10:32:56 202] - white PDSA
[Mon Sep 30 10:32:56 202] - black AGQC
[Mon Sep 30 10:32:56 202] - white OPMJ
[Mon Sep 30 10:32:56 202] - black PPFB
[Mon Sep 30 10:32:56 202] - white DDAA
[Mon Sep 30 10:32:56 202] - black EBNF
[Mon Sep 30 10:32:56 202] - white BKAQ
[Mon Sep 30 10:32:56 202] - next
[Mon Sep 30 10:33:04 202] - new xxx
[Mon Sep 30 10:33:04 202] - black JJJJ
[Mon Sep 30 10:33:04 202] - white FJJP
[Mon Sep 30 10:33:04 202] - black GIKO
[Mon Sep 30 10:33:04 202] - white EOMF
[Mon Sep 30 10:33:04 202] - black JOME
[Mon Sep 30 10:33:04 202] - white LFFC
[Mon Sep 30 10:33:04 202] - black DNLE
[Mon Sep 30 10:33:04 202] - white AHRP
[Mon Sep 30 10:33:04 202] - black SPGB
[Mon Sep 30 10:33:04 202] - white SJQN
[Mon Sep 30 10:33:04 202] - black SOKP
[Mon Sep 30 10:33:04 202] - white PDSA
[Mon Sep 30 10:33:04 202] - black AGQC
[Mon Sep 30 10:33:04 202] - white OPMJ
[Mon Sep 30 10:33:04 202] - black PPFB
[Mon Sep 30 10:33:04 202] - white DDAA
[Mon Sep 30 10:33:04 202] - black EBNF
[Mon Sep 30 10:33:04 202] - white BKAQ
[Mon Sep 30 10:33:04 202] - black BHNO
[Mon Sep 30 10:33:04 202] - white ESJS
[Mon Sep 30 10:33:04 202] - next
[Mon Sep 30 10:33:10 202] - new xxx
[Mon Sep 30 10:33:10 202] - black JJJJ
[Mon Sep 30 10:33:10 202] - white FJJP
[Mon Sep 30 10:33:10 202] - black GIKO
[Mon Sep 30 10:33:10 202] - white EOMF
[Mon Sep 30 10:33:10 202] - black JOME
[Mon Sep 30 10:33:10 202] - white LFFC
[Mon Sep 30 10:33:10 202] - black DNLE
[Mon Sep 30 10:33:10 202] - white AHRP
[Mon Sep 30 10:33:10 202] - black SPGB
[Mon Sep 30 10:33:10 202] - white SJQN
[Mon Sep 30 10:33:10 202] - black SOKP
[Mon Sep 30 10:33:10 202] - white PDSA
[Mon Sep 30 10:33:10 202] - black AGQC
[Mon Sep 30 10:33:10 202] - white OPMJ
[Mon Sep 30 10:33:10 202] - black PPFB
[Mon Sep 30 10:33:10 202] - white DDAA
[Mon Sep 30 10:33:10 202] - black EBNF
[Mon Sep 30 10:33:10 202] - white BKAQ
[Mon Sep 30 10:33:10 202] - black BHNO
[Mon Sep 30 10:33:10 202] - white ESJS
[Mon Sep 30 10:33:10 202] - black BGEC
[Mon Sep 30 10:33:10 202] - white PJSF
[Mon Sep 30 10:33:10 202] - next
[Mon Sep 30 10:33:14 202] - new xxx
[Mon Sep 30 10:33:14 202] - black JJJJ
[Mon Sep 30 10:33:14 202] - white FJJP
[Mon Sep 30 10:33:14 202] - black GIKO
[Mon Sep 30 10:33:14 202] - white EOMF
[Mon Sep 30 10:33:14 202] - black JOME
[Mon Sep 30 10:33:14 202] - white LFFC
[Mon Sep 30 10:33:14 202] - black DNLE
[Mon Sep 30 10:33:14 202] - white AHRP
[Mon Sep 30 10:33:14 202] - black SPGB
[Mon Sep 30 10:33:14 202] - white SJQN
[Mon Sep 30 10:33:14 202] - black SOKP
[Mon Sep 30 10:33:14 202] - white PDSA
[Mon Sep 30 10:33:14 202] - black AGQC
[Mon Sep 30 10:33:14 202] - white OPMJ
[Mon Sep 30 10:33:14 202] - black PPFB
[Mon Sep 30 10:33:14 202] - white DDAA
[Mon Sep 30 10:33:14 202] - black EBNF
[Mon Sep 30 10:33:14 202] - white BKAQ
[Mon Sep 30 10:33:14 202] - black BHNO
[Mon Sep 30 10:33:14 202] - white ESJS
[Mon Sep 30 10:33:14 202] - black BGEC
[Mon Sep 30 10:33:14 202] - white PJSF
[Mon Sep 30 10:33:14 202] - black GCQD
[Mon Sep 30 10:33:14 202] - white GOBS
[Mon Sep 30 10:33:14 202] - next
[Mon Sep 30 10:33:20 202] - new xxx
[Mon Sep 30 10:33:20 202] - black JJJJ
[Mon Sep 30 10:33:20 202] - white FJJP
[Mon Sep 30 10:33:20 202] - black GIKO
[Mon Sep 30 10:33:20 202] - white EOMF
[Mon Sep 30 10:33:20 202] - black JOME
[Mon Sep 30 10:33:20 202] - white LFFC
[Mon Sep 30 10:33:20 202] - black DNLE
[Mon Sep 30 10:33:20 202] - white AHRP
[Mon Sep 30 10:33:20 202] - black SPGB
[Mon Sep 30 10:33:20 202] - white SJQN
[Mon Sep 30 10:33:20 202] - black SOKP
[Mon Sep 30 10:33:20 202] - white PDSA
[Mon Sep 30 10:33:20 202] - black AGQC
[Mon Sep 30 10:33:20 202] - white OPMJ
[Mon Sep 30 10:33:20 202] - black PPFB
[Mon Sep 30 10:33:20 202] - white DDAA
[Mon Sep 30 10:33:20 202] - black EBNF
[Mon Sep 30 10:33:20 202] - white BKAQ
[Mon Sep 30 10:33:20 202] - black BHNO
[Mon Sep 30 10:33:20 202] - white ESJS
[Mon Sep 30 10:33:20 202] - black BGEC
[Mon Sep 30 10:33:20 202] - white PJSF
[Mon Sep 30 10:33:20 202] - black GCQD
[Mon Sep 30 10:33:20 202] - white GOBS
[Mon Sep 30 10:33:20 202] - black CRSI
[Mon Sep 30 10:33:20 202] - white LAIG
[Mon Sep 30 10:33:20 202] - next
[Mon Sep 30 10:33:26 202] - new xxx
[Mon Sep 30 10:33:26 202] - black JJJJ
[Mon Sep 30 10:33:26 202] - white FJJP
[Mon Sep 30 10:33:26 202] - black GIKO
[Mon Sep 30 10:33:26 202] - white EOMF
[Mon Sep 30 10:33:26 202] - black JOME
[Mon Sep 30 10:33:26 202] - white LFFC
[Mon Sep 30 10:33:26 202] - black DNLE
[Mon Sep 30 10:33:26 202] - white AHRP
[Mon Sep 30 10:33:26 202] - black SPGB
[Mon Sep 30 10:33:26 202] - white SJQN
[Mon Sep 30 10:33:26 202] - black SOKP
[Mon Sep 30 10:33:26 202] - white PDSA
[Mon Sep 30 10:33:26 202] - black AGQC
[Mon Sep 30 10:33:26 202] - white OPMJ
[Mon Sep 30 10:33:26 202] - black PPFB
[Mon Sep 30 10:33:26 202] - white DDAA
[Mon Sep 30 10:33:26 202] - black EBNF
[Mon Sep 30 10:33:26 202] - white BKAQ
[Mon Sep 30 10:33:26 202] - black BHNO
[Mon Sep 30 10:33:26 202] - white ESJS
[Mon Sep 30 10:33:26 202] - black BGEC
[Mon Sep 30 10:33:26 202] - white PJSF
[Mon Sep 30 10:33:26 202] - black GCQD
[Mon Sep 30 10:33:26 202] - white GOBS
[Mon Sep 30 10:33:26 202] - black CRSI
[Mon Sep 30 10:33:26 202] - white LAIG
[Mon Sep 30 10:33:26 202] - black BRBJ
[Mon Sep 30 10:33:26 202] - white FMKM
[Mon Sep 30 10:33:26 202] - next
[Mon Sep 30 10:33:32 202] - new xxx
[Mon Sep 30 10:33:32 202] - black JJJJ
[Mon Sep 30 10:33:32 202] - white FJJP
[Mon Sep 30 10:33:32 202] - black GIKO
[Mon Sep 30 10:33:32 202] - white EOMF
[Mon Sep 30 10:33:32 202] - black JOME
[Mon Sep 30 10:33:32 202] - white LFFC
[Mon Sep 30 10:33:32 202] - black DNLE
[Mon Sep 30 10:33:32 202] - white AHRP
[Mon Sep 30 10:33:32 202] - black SPGB
[Mon Sep 30 10:33:32 202] - white SJQN
[Mon Sep 30 10:33:32 202] - black SOKP
[Mon Sep 30 10:33:32 202] - white PDSA
[Mon Sep 30 10:33:32 202] - black AGQC
[Mon Sep 30 10:33:32 202] - white OPMJ
[Mon Sep 30 10:33:32 202] - black PPFB
[Mon Sep 30 10:33:32 202] - white DDAA
[Mon Sep 30 10:33:32 202] - black EBNF
[Mon Sep 30 10:33:32 202] - white BKAQ
[Mon Sep 30 10:33:32 202] - black BHNO
[Mon Sep 30 10:33:32 202] - white ESJS
[Mon Sep 30 10:33:32 202] - black BGEC
[Mon Sep 30 10:33:32 202] - white PJSF
[Mon Sep 30 10:33:32 202] - black GCQD
[Mon Sep 30 10:33:32 202] - white GOBS
[Mon Sep 30 10:33:32 202] - black CRSI
[Mon Sep 30 10:33:32 202] - white LAIG
[Mon Sep 30 10:33:32 202] - black BRBJ
[Mon Sep 30 10:33:32 202] - white FMKM
[Mon Sep 30 10:33:32 202] - black ELSE
[Mon Sep 30 10:33:32 202] - white LOLR
[Mon Sep 30 10:33:32 202] - next
[Mon Sep 30 10:33:38 202] - new xxx
[Mon Sep 30 10:33:38 202] - black JJJJ
[Mon Sep 30 10:33:38 202] - white FJJP
[Mon Sep 30 10:33:38 202] - black GIKO
[Mon Sep 30 10:33:38 202] - white EOMF
[Mon Sep 30 10:33:38 202] - black JOME
[Mon Sep 30 10:33:38 202] - white LFFC
[Mon Sep 30 10:33:38 202] - black DNLE
[Mon Sep 30 10:33:38 202] - white AHRP
[Mon Sep 30 10:33:38 202] - black SPGB
[Mon Sep 30 10:33:38 202] - white SJQN
[Mon Sep 30 10:33:38 202] - black SOKP
[Mon Sep 30 10:33:38 202] - white PDSA
[Mon Sep 30 10:33:38 202] - black AGQC
[Mon Sep 30 10:33:38 202] - white OPMJ
[Mon Sep 30 10:33:38 202] - black PPFB
[Mon Sep 30 10:33:38 202] - white DDAA
[Mon Sep 30 10:33:38 202] - black EBNF
[Mon Sep 30 10:33:38 202] - white BKAQ
[Mon Sep 30 10:33:38 202] - black BHNO
[Mon Sep 30 10:33:38 202] - white ESJS
[Mon Sep 30 10:33:38 202] - black BGEC
[Mon Sep 30 10:33:38 202] - white PJSF
[Mon Sep 30 10:33:38 202] - black GCQD
[Mon Sep 30 10:33:38 202] - white GOBS
[Mon Sep 30 10:33:38 202] - black CRSI
[Mon Sep 30 10:33:38 202] - white LAIG
[Mon Sep 30 10:33:38 202] - black BRBJ
[Mon Sep 30 10:33:38 202] - white FMKM
[Mon Sep 30 10:33:38 202] - black ELSE
[Mon Sep 30 10:33:38 202] - white LOLR
[Mon Sep 30 10:33:38 202] - black MOBA
[Mon Sep 30 10:33:38 202] - white FLFK
[Mon Sep 30 10:33:38 202] - next
[Mon Sep 30 10:33:45 202] - new xxx
[Mon Sep 30 10:33:45 202] - black JJJJ
[Mon Sep 30 10:33:45 202] - white FJJP
[Mon Sep 30 10:33:45 202] - black GIKO
[Mon Sep 30 10:33:45 202] - white EOMF
[Mon Sep 30 10:33:45 202] - black JOME
[Mon Sep 30 10:33:45 202] - white LFFC
[Mon Sep 30 10:33:45 202] - black DNLE
[Mon Sep 30 10:33:45 202] - white AHRP
[Mon Sep 30 10:33:45 202] - black SPGB
[Mon Sep 30 10:33:45 202] - white SJQN
[Mon Sep 30 10:33:45 202] - black SOKP
[Mon Sep 30 10:33:45 202] - white PDSA
[Mon Sep 30 10:33:45 202] - black AGQC
[Mon Sep 30 10:33:45 202] - white OPMJ
[Mon Sep 30 10:33:45 202] - black PPFB
[Mon Sep 30 10:33:45 202] - white DDAA
[Mon Sep 30 10:33:45 202] - black EBNF
[Mon Sep 30 10:33:45 202] - white BKAQ
[Mon Sep 30 10:33:45 202] - black BHNO
[Mon Sep 30 10:33:45 202] - white ESJS
[Mon Sep 30 10:33:45 202] - black BGEC
[Mon Sep 30 10:33:45 202] - white PJSF
[Mon Sep 30 10:33:45 202] - black GCQD
[Mon Sep 30 10:33:45 202] - white GOBS
[Mon Sep 30 10:33:45 202] - black CRSI
[Mon Sep 30 10:33:45 202] - white LAIG
[Mon Sep 30 10:33:45 202] - black BRBJ
[Mon Sep 30 10:33:45 202] - white FMKM
[Mon Sep 30 10:33:45 202] - black ELSE
[Mon Sep 30 10:33:45 202] - white LOLR
[Mon Sep 30 10:33:45 202] - black MOBA
[Mon Sep 30 10:33:45 202] - white FLFK
[Mon Sep 30 10:33:45 202] - black HORM
[Mon Sep 30 10:33:45 202] - white FNFP
[Mon Sep 30 10:33:45 202] - next
[Mon Sep 30 10:33:50 202] - new xxx
[Mon Sep 30 10:33:50 202] - black JJJJ
[Mon Sep 30 10:33:50 202] - white FJJP
[Mon Sep 30 10:33:50 202] - black GIKO
[Mon Sep 30 10:33:50 202] - white EOMF
[Mon Sep 30 10:33:50 202] - black JOME
[Mon Sep 30 10:33:50 202] - white LFFC
[Mon Sep 30 10:33:50 202] - black DNLE
[Mon Sep 30 10:33:50 202] - white AHRP
[Mon Sep 30 10:33:50 202] - black SPGB
[Mon Sep 30 10:33:50 202] - white SJQN
[Mon Sep 30 10:33:50 202] - black SOKP
[Mon Sep 30 10:33:50 202] - white PDSA
[Mon Sep 30 10:33:50 202] - black AGQC
[Mon Sep 30 10:33:50 202] - white OPMJ
[Mon Sep 30 10:33:50 202] - black PPFB
[Mon Sep 30 10:33:50 202] - white DDAA
[Mon Sep 30 10:33:50 202] - black EBNF
[Mon Sep 30 10:33:50 202] - white BKAQ
[Mon Sep 30 10:33:50 202] - black BHNO
[Mon Sep 30 10:33:50 202] - white ESJS
[Mon Sep 30 10:33:50 202] - black BGEC
[Mon Sep 30 10:33:50 202] - white PJSF
[Mon Sep 30 10:33:50 202] - black GCQD
[Mon Sep 30 10:33:50 202] - white GOBS
[Mon Sep 30 10:33:50 202] - black CRSI
[Mon Sep 30 10:33:50 202] - white LAIG
[Mon Sep 30 10:33:50 202] - black BRBJ
[Mon Sep 30 10:33:50 202] - white FMKM
[Mon Sep 30 10:33:50 202] - black ELSE
[Mon Sep 30 10:33:50 202] - white LOLR
[Mon Sep 30 10:33:50 202] - black MOBA
[Mon Sep 30 10:33:50 202] - white FLFK
[Mon Sep 30 10:33:50 202] - black HORM
[Mon Sep 30 10:33:50 202] - white FNFP
[Mon Sep 30 10:33:50 202] - black BQIF
[Mon Sep 30 10:33:50 202] - white FQFR
[Mon Sep 30 10:33:50 202] - next
[Mon Sep 30 10:33:56 202] - new xxx
[Mon Sep 30 10:33:56 202] - black JJJJ
[Mon Sep 30 10:33:56 202] - white FJJP
[Mon Sep 30 10:33:56 202] - black GIKO
[Mon Sep 30 10:33:56 202] - white EOMF
[Mon Sep 30 10:33:56 202] - black JOME
[Mon Sep 30 10:33:56 202] - white LFFC
[Mon Sep 30 10:33:56 202] - black DNLE
[Mon Sep 30 10:33:56 202] - white AHRP
[Mon Sep 30 10:33:56 202] - black SPGB
[Mon Sep 30 10:33:56 202] - white SJQN
[Mon Sep 30 10:33:56 202] - black SOKP
[Mon Sep 30 10:33:56 202] - white PDSA
[Mon Sep 30 10:33:56 202] - black AGQC
[Mon Sep 30 10:33:56 202] - white OPMJ
[Mon Sep 30 10:33:56 202] - black PPFB
[Mon Sep 30 10:33:56 202] - white DDAA
[Mon Sep 30 10:33:56 202] - black EBNF
[Mon Sep 30 10:33:56 202] - white BKAQ
[Mon Sep 30 10:33:56 202] - black BHNO
[Mon Sep 30 10:33:56 202] - white ESJS
[Mon Sep 30 10:33:56 202] - black BGEC
[Mon Sep 30 10:33:56 202] - white PJSF
[Mon Sep 30 10:33:56 202] - black GCQD
[Mon Sep 30 10:33:56 202] - white GOBS
[Mon Sep 30 10:33:56 202] - black CRSI
[Mon Sep 30 10:33:56 202] - white LAIG
[Mon Sep 30 10:33:56 202] - black BRBJ
[Mon Sep 30 10:33:56 202] - white FMKM
[Mon Sep 30 10:33:56 202] - black ELSE
[Mon Sep 30 10:33:56 202] - white LOLR
[Mon Sep 30 10:33:56 202] - black MOBA
[Mon Sep 30 10:33:56 202] - white FLFK
[Mon Sep 30 10:33:56 202] - black HORM
[Mon Sep 30 10:33:56 202] - white FNFP
[Mon Sep 30 10:33:56 202] - black BQIF
[Mon Sep 30 10:33:56 202] - white FQFR
[Mon Sep 30 10:33:56 202] - black ARCC
[Mon Sep 30 10:33:56 202] - white FSGP
[Mon Sep 30 10:33:56 202] - next
[Mon Sep 30 10:34:01 202] - new xxx
[Mon Sep 30 10:34:01 202] - black JJJJ
[Mon Sep 30 10:34:01 202] - white FJJP
[Mon Sep 30 10:34:01 202] - black GIKO
[Mon Sep 30 10:34:01 202] - white EOMF
[Mon Sep 30 10:34:01 202] - black JOME
[Mon Sep 30 10:34:01 202] - white LFFC
[Mon Sep 30 10:34:01 202] - black DNLE
[Mon Sep 30 10:34:01 202] - white AHRP
[Mon Sep 30 10:34:01 202] - black SPGB
[Mon Sep 30 10:34:01 202] - white SJQN
[Mon Sep 30 10:34:01 202] - black SOKP
[Mon Sep 30 10:34:01 202] - white PDSA
[Mon Sep 30 10:34:01 202] - black AGQC
[Mon Sep 30 10:34:01 202] - white OPMJ
[Mon Sep 30 10:34:01 202] - black PPFB
[Mon Sep 30 10:34:01 202] - white DDAA
[Mon Sep 30 10:34:01 202] - black EBNF
[Mon Sep 30 10:34:01 202] - white BKAQ
[Mon Sep 30 10:34:01 202] - black BHNO
[Mon Sep 30 10:34:01 202] - white ESJS
[Mon Sep 30 10:34:01 202] - black BGEC
[Mon Sep 30 10:34:01 202] - white PJSF
[Mon Sep 30 10:34:01 202] - black GCQD
[Mon Sep 30 10:34:01 202] - white GOBS
[Mon Sep 30 10:34:01 202] - black CRSI
[Mon Sep 30 10:34:01 202] - white LAIG
[Mon Sep 30 10:34:01 202] - black BRBJ
[Mon Sep 30 10:34:01 202] - white FMKM
[Mon Sep 30 10:34:01 202] - black ELSE
[Mon Sep 30 10:34:01 202] - white LOLR
[Mon Sep 30 10:34:01 202] - black MOBA
[Mon Sep 30 10:34:01 202] - white FLFK
[Mon Sep 30 10:34:01 202] - black HORM
[Mon Sep 30 10:34:01 202] - white FNFP
[Mon Sep 30 10:34:01 202] - black BQIF
[Mon Sep 30 10:34:01 202] - white FQFR
[Mon Sep 30 10:34:01 202] - black ARCC
[Mon Sep 30 10:34:01 202] - white FSGP
[Mon Sep 30 10:34:01 202] - black QOGQ
[Mon Sep 30 10:34:01 202] - white GNEN
[Mon Sep 30 10:34:01 202] - next
[Mon Sep 30 10:34:07 202] - new xxx
[Mon Sep 30 10:34:07 202] - black JJJJ
[Mon Sep 30 10:34:07 202] - white FJJP
[Mon Sep 30 10:34:07 202] - black GIKO
[Mon Sep 30 10:34:07 202] - white EOMF
[Mon Sep 30 10:34:07 202] - black JOME
[Mon Sep 30 10:34:07 202] - white LFFC
[Mon Sep 30 10:34:07 202] - black DNLE
[Mon Sep 30 10:34:07 202] - white AHRP
[Mon Sep 30 10:34:07 202] - black SPGB
[Mon Sep 30 10:34:07 202] - white SJQN
[Mon Sep 30 10:34:07 202] - black SOKP
[Mon Sep 30 10:34:07 202] - white PDSA
[Mon Sep 30 10:34:07 202] - black AGQC
[Mon Sep 30 10:34:07 202] - white OPMJ
[Mon Sep 30 10:34:07 202] - black PPFB
[Mon Sep 30 10:34:07 202] - white DDAA
[Mon Sep 30 10:34:07 202] - black EBNF
[Mon Sep 30 10:34:07 202] - white BKAQ
[Mon Sep 30 10:34:07 202] - black BHNO
[Mon Sep 30 10:34:07 202] - white ESJS
[Mon Sep 30 10:34:07 202] - black BGEC
[Mon Sep 30 10:34:07 202] - white PJSF
[Mon Sep 30 10:34:07 202] - black GCQD
[Mon Sep 30 10:34:07 202] - white GOBS
[Mon Sep 30 10:34:07 202] - black CRSI
[Mon Sep 30 10:34:07 202] - white LAIG
[Mon Sep 30 10:34:07 202] - black BRBJ
[Mon Sep 30 10:34:07 202] - white FMKM
[Mon Sep 30 10:34:07 202] - black ELSE
[Mon Sep 30 10:34:07 202] - white LOLR
[Mon Sep 30 10:34:07 202] - black MOBA
[Mon Sep 30 10:34:07 202] - white FLFK
[Mon Sep 30 10:34:07 202] - black HORM
[Mon Sep 30 10:34:07 202] - white FNFP
[Mon Sep 30 10:34:07 202] - black BQIF
[Mon Sep 30 10:34:07 202] - white FQFR
[Mon Sep 30 10:34:07 202] - black ARCC
[Mon Sep 30 10:34:07 202] - white FSGP
[Mon Sep 30 10:34:07 202] - black QOGQ
[Mon Sep 30 10:34:07 202] - white GNEN
[Mon Sep 30 10:34:07 202] - black CSCK
[Mon Sep 30 10:34:07 202] - white EPDO
[Mon Sep 30 10:34:07 202] - next
[Mon Sep 30 10:34:13 202] - new xxx
[Mon Sep 30 10:34:13 202] - black JJJJ
[Mon Sep 30 10:34:13 202] - white FJJP
[Mon Sep 30 10:34:13 202] - black GIKO
[Mon Sep 30 10:34:13 202] - white EOMF
[Mon Sep 30 10:34:13 202] - black JOME
[Mon Sep 30 10:34:13 202] - white LFFC
[Mon Sep 30 10:34:13 202] - black DNLE
[Mon Sep 30 10:34:13 202] - white AHRP
[Mon Sep 30 10:34:13 202] - black SPGB
[Mon Sep 30 10:34:13 202] - white SJQN
[Mon Sep 30 10:34:13 202] - black SOKP
[Mon Sep 30 10:34:13 202] - white PDSA
[Mon Sep 30 10:34:13 202] - black AGQC
[Mon Sep 30 10:34:13 202] - white OPMJ
[Mon Sep 30 10:34:13 202] - black PPFB
[Mon Sep 30 10:34:13 202] - white DDAA
[Mon Sep 30 10:34:13 202] - black EBNF
[Mon Sep 30 10:34:13 202] - white BKAQ
[Mon Sep 30 10:34:13 202] - black BHNO
[Mon Sep 30 10:34:13 202] - white ESJS
[Mon Sep 30 10:34:13 202] - black BGEC
[Mon Sep 30 10:34:13 202] - white PJSF
[Mon Sep 30 10:34:13 202] - black GCQD
[Mon Sep 30 10:34:13 202] - white GOBS
[Mon Sep 30 10:34:13 202] - black CRSI
[Mon Sep 30 10:34:13 202] - white LAIG
[Mon Sep 30 10:34:13 202] - black BRBJ
[Mon Sep 30 10:34:13 202] - white FMKM
[Mon Sep 30 10:34:13 202] - black ELSE
[Mon Sep 30 10:34:13 202] - white LOLR
[Mon Sep 30 10:34:13 202] - black MOBA
[Mon Sep 30 10:34:13 202] - white FLFK
[Mon Sep 30 10:34:13 202] - black HORM
[Mon Sep 30 10:34:13 202] - white FNFP
[Mon Sep 30 10:34:13 202] - black BQIF
[Mon Sep 30 10:34:13 202] - white FQFR
[Mon Sep 30 10:34:13 202] - black ARCC
[Mon Sep 30 10:34:13 202] - white FSGP
[Mon Sep 30 10:34:13 202] - black QOGQ
[Mon Sep 30 10:34:13 202] - white GNEN
[Mon Sep 30 10:34:13 202] - black CSCK
[Mon Sep 30 10:34:13 202] - white EPDO
[Mon Sep 30 10:34:13 202] - black KSEK
[Mon Sep 30 10:34:13 202] - white COBO
[Mon Sep 30 10:34:13 202] - next
[Mon Sep 30 10:34:24 202] - new xxx
[Mon Sep 30 10:34:24 202] - black JJJJ
[Mon Sep 30 10:34:24 202] - white FJJP
[Mon Sep 30 10:34:24 202] - black GIKO
[Mon Sep 30 10:34:24 202] - white EOMF
[Mon Sep 30 10:34:24 202] - black JOME
[Mon Sep 30 10:34:24 202] - white LFFC
[Mon Sep 30 10:34:24 202] - black DNLE
[Mon Sep 30 10:34:24 202] - white AHRP
[Mon Sep 30 10:34:24 202] - black SPGB
[Mon Sep 30 10:34:24 202] - white SJQN
[Mon Sep 30 10:34:24 202] - black SOKP
[Mon Sep 30 10:34:24 202] - white PDSA
[Mon Sep 30 10:34:24 202] - black AGQC
[Mon Sep 30 10:34:24 202] - white OPMJ
[Mon Sep 30 10:34:24 202] - black PPFB
[Mon Sep 30 10:34:24 202] - white DDAA
[Mon Sep 30 10:34:24 202] - black EBNF
[Mon Sep 30 10:34:24 202] - white BKAQ
[Mon Sep 30 10:34:24 202] - black BHNO
[Mon Sep 30 10:34:24 202] - white ESJS
[Mon Sep 30 10:34:24 202] - black BGEC
[Mon Sep 30 10:34:24 202] - white PJSF
[Mon Sep 30 10:34:24 202] - black GCQD
[Mon Sep 30 10:34:24 202] - white GOBS
[Mon Sep 30 10:34:24 202] - black CRSI
[Mon Sep 30 10:34:24 202] - white LAIG
[Mon Sep 30 10:34:24 202] - black BRBJ
[Mon Sep 30 10:34:24 202] - white FMKM
[Mon Sep 30 10:34:24 202] - black ELSE
[Mon Sep 30 10:34:24 202] - white LOLR
[Mon Sep 30 10:34:24 202] - black MOBA
[Mon Sep 30 10:34:24 202] - white FLFK
[Mon Sep 30 10:34:24 202] - black HORM
[Mon Sep 30 10:34:24 202] - white FNFP
[Mon Sep 30 10:34:24 202] - black BQIF
[Mon Sep 30 10:34:24 202] - white FQFR
[Mon Sep 30 10:34:24 202] - black ARCC
[Mon Sep 30 10:34:24 202] - white FSGP
[Mon Sep 30 10:34:24 202] - black QOGQ
[Mon Sep 30 10:34:24 202] - white GNEN
[Mon Sep 30 10:34:24 202] - black CSCK
[Mon Sep 30 10:34:24 202] - white EPDO
[Mon Sep 30 10:34:24 202] - black KSEK
[Mon Sep 30 10:34:24 202] - white COBO
[Mon Sep 30 10:34:24 202] - black HNIO
[Mon Sep 30 10:34:24 202] - white AOGM
[Mon Sep 30 10:34:24 202] - next
[Mon Sep 30 10:34:35 202] - name
[Mon Sep 30 10:34:35 202] - depth 4
[Mon Sep 30 10:34:35 202] - vcf
[Mon Sep 30 10:34:35 202] - new xxx
[Mon Sep 30 10:34:35 202] - next
[Mon Sep 30 10:34:36 202] - new xxx
[Mon Sep 30 10:34:36 202] - black JJJJ
[Mon Sep 30 10:34:36 202] - white AABC
[Mon Sep 30 10:34:36 202] - next
[Mon Sep 30 10:34:38 202] - new xxx
[Mon Sep 30 10:34:38 202] - black JJJJ
[Mon Sep 30 10:34:38 202] - white AABC
[Mon Sep 30 10:34:38 202] - black ABBA
[Mon Sep 30 10:34:38 202] - white BBCC
[Mon Sep 30 10:34:38 202] - next
[Mon Sep 30 10:34:40 202] - new xxx
[Mon Sep 30 10:34:40 202] - black JJJJ
[Mon Sep 30 10:34:40 202] - white AABC
[Mon Sep 30 10:34:40 202] - black ABBA
[Mon Sep 30 10:34:40 202] - white BBCC
[Mon Sep 30 10:34:40 202] - black DBCA
[Mon Sep 30 10:34:40 202] - white CBCD
[Mon Sep 30 10:34:40 202] - next
[Mon Sep 30 10:34:42 202] - new xxx
[Mon Sep 30 10:34:42 202] - black JJJJ
[Mon Sep 30 10:34:42 202] - white AABC
[Mon Sep 30 10:34:42 202] - black ABBA
[Mon Sep 30 10:34:42 202] - white BBCC
[Mon Sep 30 10:34:42 202] - black DBCA
[Mon Sep 30 10:34:42 202] - white CBCD
[Mon Sep 30 10:34:42 202] - black DADD
[Mon Sep 30 10:34:42 202] - white DCBD
[Mon Sep 30 10:34:42 202] - next
[Mon Sep 30 10:34:44 202] - new xxx
[Mon Sep 30 10:34:44 202] - black JJJJ
[Mon Sep 30 10:34:44 202] - white AABC
[Mon Sep 30 10:34:44 202] - black ABBA
[Mon Sep 30 10:34:44 202] - white BBCC
[Mon Sep 30 10:34:44 202] - black DBCA
[Mon Sep 30 10:34:44 202] - white CBCD
[Mon Sep 30 10:34:44 202] - black DADD
[Mon Sep 30 10:34:44 202] - white DCBD
[Mon Sep 30 10:34:44 202] - black ECAC
[Mon Sep 30 10:34:44 202] - white BECE
[Mon Sep 30 10:34:44 202] - next
[Mon Sep 30 10:34:45 202] - new xxx
[Mon Sep 30 10:34:45 202] - black JJJJ
[Mon Sep 30 10:34:45 202] - white AABC
[Mon Sep 30 10:34:45 202] - black ABBA
[Mon Sep 30 10:34:45 202] - white BBCC
[Mon Sep 30 10:34:45 202] - black DBCA
[Mon Sep 30 10:34:45 202] - white CBCD
[Mon Sep 30 10:34:45 202] - black DADD
[Mon Sep 30 10:34:45 202] - white DCBD
[Mon Sep 30 10:34:45 202] - black ECAC
[Mon Sep 30 10:34:45 202] - white BECE
[Mon Sep 30 10:34:45 202] - black DEEB
[Mon Sep 30 10:34:45 202] - white CFBF
[Mon Sep 30 10:34:45 202] - next
[Mon Sep 30 20:40:51 202] - name
[Mon Sep 30 20:40:51 202] - depth 4
[Mon Sep 30 20:40:51 202] - vcf
[Mon Sep 30 20:40:53 202] - name
[Mon Sep 30 20:40:53 202] - depth 4
[Mon Sep 30 20:40:53 202] - vcf
[Mon Sep 30 20:40:53 202] - new xxx
[Mon Sep 30 20:40:53 202] - next
[Mon Sep 30 20:40:57 202] - new xxx
[Mon Sep 30 20:40:57 202] - black JJJJ
[Mon Sep 30 20:40:57 202] - white AABB
[Mon Sep 30 20:40:57 202] - next
[Mon Sep 30 20:41:10 202] - new xxx
[Mon Sep 30 20:41:10 202] - black JJJJ
[Mon Sep 30 20:41:10 202] - white AABB
[Mon Sep 30 20:41:10 202] - black BACA
[Mon Sep 30 20:41:10 202] - white CCDD
[Mon Sep 30 20:41:10 202] - next
[Mon Sep 30 20:41:14 202] - new xxx
[Mon Sep 30 20:41:14 202] - black JJJJ
[Mon Sep 30 20:41:14 202] - white AABB
[Mon Sep 30 20:41:14 202] - black BACA
[Mon Sep 30 20:41:14 202] - white CCDD
[Mon Sep 30 20:41:14 202] - black DBEC
[Mon Sep 30 20:41:14 202] - white DCCB
[Mon Sep 30 20:41:14 202] - next
[Mon Sep 30 20:41:17 202] - new xxx
[Mon Sep 30 20:41:17 202] - black JJJJ
[Mon Sep 30 20:41:17 202] - white AABB
[Mon Sep 30 20:41:17 202] - black BACA
[Mon Sep 30 20:41:17 202] - white CCDD
[Mon Sep 30 20:41:17 202] - black DBEC
[Mon Sep 30 20:41:17 202] - white DCCB
[Mon Sep 30 20:41:17 202] - black EBDA
[Mon Sep 30 20:41:17 202] - white EDEE
[Mon Sep 30 20:41:17 202] - next
[Mon Sep 30 20:41:18 202] - new xxx
[Mon Sep 30 20:41:18 202] - black JJJJ
[Mon Sep 30 20:41:18 202] - white AABB
[Mon Sep 30 20:41:18 202] - black BACA
[Mon Sep 30 20:41:18 202] - white CCDD
[Mon Sep 30 20:41:18 202] - black DBEC
[Mon Sep 30 20:41:18 202] - white DCCB
[Mon Sep 30 20:41:18 202] - black EBDA
[Mon Sep 30 20:41:18 202] - white EDEE
[Mon Sep 30 20:41:18 202] - black FCFE
[Mon Sep 30 20:41:18 202] - white FDGD
[Mon Sep 30 20:41:18 202] - next
[Mon Sep 30 20:41:22 202] - new xxx
[Mon Sep 30 20:41:22 202] - black JJJJ
[Mon Sep 30 20:41:22 202] - white AABB
[Mon Sep 30 20:41:22 202] - black BACA
[Mon Sep 30 20:41:22 202] - white CCDD
[Mon Sep 30 20:41:22 202] - black DBEC
[Mon Sep 30 20:41:22 202] - white DCCB
[Mon Sep 30 20:41:22 202] - black EBDA
[Mon Sep 30 20:41:22 202] - white EDEE
[Mon Sep 30 20:41:22 202] - black FCFE
[Mon Sep 30 20:41:22 202] - white FDGD
[Mon Sep 30 20:41:22 202] - black HDGC
[Mon Sep 30 20:41:22 202] - white CDBC
[Mon Sep 30 20:41:22 202] - next
[Mon Sep 30 20:41:23 202] - new xxx
[Mon Sep 30 20:41:23 202] - black JJJJ
[Mon Sep 30 20:41:23 202] - white AABB
[Mon Sep 30 20:41:23 202] - black BACA
[Mon Sep 30 20:41:23 202] - white CCDD
[Mon Sep 30 20:41:23 202] - black DBEC
[Mon Sep 30 20:41:23 202] - white DCCB
[Mon Sep 30 20:41:23 202] - black EBDA
[Mon Sep 30 20:41:23 202] - white EDEE
[Mon Sep 30 20:41:23 202] - black FCFE
[Mon Sep 30 20:41:23 202] - white FDGD
[Mon Sep 30 20:41:23 202] - black HDGC
[Mon Sep 30 20:41:23 202] - white CDBC
[Mon Sep 30 20:41:23 202] - black HCAB
[Mon Sep 30 20:41:23 202] - white ACAD
[Mon Sep 30 20:41:23 202] - next
[Mon Sep 30 21:54:22 202] - name
[Mon Sep 30 21:54:22 202] - depth 4
[Mon Sep 30 21:54:22 202] - vcf
[Mon Sep 30 21:54:24 202] - name
[Mon Sep 30 21:54:24 202] - depth 4
[Mon Sep 30 21:54:24 202] - vcf
[Mon Sep 30 21:54:24 202] - new xxx
[Mon Sep 30 21:54:24 202] - next
[Mon Sep 30 21:54:26 202] - new xxx
[Mon Sep 30 21:54:26 202] - black JJJJ
[Mon Sep 30 21:54:26 202] - white GHGI
[Mon Sep 30 21:54:26 202] - next
[Mon Sep 30 21:54:31 202] - new xxx
[Mon Sep 30 21:54:31 202] - black JJJJ
[Mon Sep 30 21:54:31 202] - white GHGI
[Mon Sep 30 21:54:31 202] - black GGFG
[Mon Sep 30 21:54:31 202] - white GJGK
[Mon Sep 30 21:54:31 202] - next
[Mon Sep 30 21:54:34 202] - new xxx
[Mon Sep 30 21:54:34 202] - black JJJJ
[Mon Sep 30 21:54:34 202] - white GHGI
[Mon Sep 30 21:54:34 202] - black GGFG
[Mon Sep 30 21:54:34 202] - white GJGK
[Mon Sep 30 21:54:34 202] - black FIFJ
[Mon Sep 30 21:54:34 202] - white HJHI
[Mon Sep 30 21:54:34 202] - next
[Mon Sep 30 21:54:37 202] - new xxx
[Mon Sep 30 21:54:37 202] - black JJJJ
[Mon Sep 30 21:54:37 202] - white GHGI
[Mon Sep 30 21:54:37 202] - black GGFG
[Mon Sep 30 21:54:37 202] - white GJGK
[Mon Sep 30 21:54:37 202] - black FIFJ
[Mon Sep 30 21:54:37 202] - white HJHI
[Mon Sep 30 21:54:37 202] - black IIHH
[Mon Sep 30 21:54:37 202] - white HKHL
[Mon Sep 30 21:54:37 202] - next
[Mon Sep 30 21:54:41 202] - new xxx
[Mon Sep 30 21:54:41 202] - black JJJJ
[Mon Sep 30 21:54:41 202] - white GHGI
[Mon Sep 30 21:54:41 202] - black GGFG
[Mon Sep 30 21:54:41 202] - white GJGK
[Mon Sep 30 21:54:41 202] - black FIFJ
[Mon Sep 30 21:54:41 202] - white HJHI
[Mon Sep 30 21:54:41 202] - black IIHH
[Mon Sep 30 21:54:41 202] - white HKHL
[Mon Sep 30 21:54:41 202] - black FHIK
[Mon Sep 30 21:54:41 202] - white IJFK
[Mon Sep 30 21:54:41 202] - next
[Mon Sep 30 21:54:44 202] - new xxx
[Mon Sep 30 21:54:44 202] - black JJJJ
[Mon Sep 30 21:54:44 202] - white GHGI
[Mon Sep 30 21:54:44 202] - black GGFG
[Mon Sep 30 21:54:44 202] - white GJGK
[Mon Sep 30 21:54:44 202] - black FIFJ
[Mon Sep 30 21:54:44 202] - white HJHI
[Mon Sep 30 21:54:44 202] - black IIHH
[Mon Sep 30 21:54:44 202] - white HKHL
[Mon Sep 30 21:54:44 202] - black FHIK
[Mon Sep 30 21:54:44 202] - white IJFK
[Mon Sep 30 21:54:44 202] - black IHIL
[Mon Sep 30 21:54:44 202] - white JKKJ
[Mon Sep 30 21:54:44 202] - next
[Mon Sep 30 21:54:51 202] - new xxx
[Mon Sep 30 21:54:51 202] - black JJJJ
[Mon Sep 30 21:54:51 202] - white GHGI
[Mon Sep 30 21:54:51 202] - black GGFG
[Mon Sep 30 21:54:51 202] - white GJGK
[Mon Sep 30 21:54:51 202] - black FIFJ
[Mon Sep 30 21:54:51 202] - white HJHI
[Mon Sep 30 21:54:51 202] - black IIHH
[Mon Sep 30 21:54:51 202] - white HKHL
[Mon Sep 30 21:54:51 202] - black FHIK
[Mon Sep 30 21:54:51 202] - white IJFK
[Mon Sep 30 21:54:51 202] - black IHIL
[Mon Sep 30 21:54:51 202] - white JKKJ
[Mon Sep 30 21:54:51 202] - black KKLI
[Mon Sep 30 21:54:51 202] - white GFEF
[Mon Sep 30 21:54:51 202] - next
[Mon Sep 30 21:54:58 202] - new xxx
[Mon Sep 30 21:54:58 202] - black JJJJ
[Mon Sep 30 21:54:58 202] - white GHGI
[Mon Sep 30 21:54:58 202] - black GGFG
[Mon Sep 30 21:54:58 202] - white GJGK
[Mon Sep 30 21:54:58 202] - black FIFJ
[Mon Sep 30 21:54:58 202] - white HJHI
[Mon Sep 30 21:54:58 202] - black IIHH
[Mon Sep 30 21:54:58 202] - white HKHL
[Mon Sep 30 21:54:58 202] - black FHIK
[Mon Sep 30 21:54:58 202] - white IJFK
[Mon Sep 30 21:54:58 202] - black IHIL
[Mon Sep 30 21:54:58 202] - white JKKJ
[Mon Sep 30 21:54:58 202] - black KKLI
[Mon Sep 30 21:54:58 202] - white GFEF
[Mon Sep 30 21:54:58 202] - black FEHF
[Mon Sep 30 21:54:58 202] - white GEEG
[Mon Sep 30 21:54:58 202] - next
[Mon Sep 30 21:55:04 202] - new xxx
[Mon Sep 30 21:55:04 202] - black JJJJ
[Mon Sep 30 21:55:04 202] - white GHGI
[Mon Sep 30 21:55:04 202] - black GGFG
[Mon Sep 30 21:55:04 202] - white GJGK
[Mon Sep 30 21:55:04 202] - black FIFJ
[Mon Sep 30 21:55:04 202] - white HJHI
[Mon Sep 30 21:55:04 202] - black IIHH
[Mon Sep 30 21:55:04 202] - white HKHL
[Mon Sep 30 21:55:04 202] - black FHIK
[Mon Sep 30 21:55:04 202] - white IJFK
[Mon Sep 30 21:55:04 202] - black IHIL
[Mon Sep 30 21:55:04 202] - white JKKJ
[Mon Sep 30 21:55:04 202] - black KKLI
[Mon Sep 30 21:55:04 202] - white GFEF
[Mon Sep 30 21:55:04 202] - black FEHF
[Mon Sep 30 21:55:04 202] - white GEEG
[Mon Sep 30 21:55:04 202] - black DFJI
[Mon Sep 30 21:55:04 202] - white EEFD
[Mon Sep 30 21:55:04 202] - next
[Mon Nov  4 19:50:17 202] - name
[Mon Nov  4 19:50:17 202] - depth 4
[Mon Nov  4 19:50:17 202] - vcf
[Mon Nov  4 19:50:23 202] - name
[Mon Nov  4 19:50:23 202] - depth 4
[Mon Nov  4 19:50:23 202] - vcf
[Mon Nov  4 19:50:23 202] - new xxx
[Mon Nov  4 19:50:23 202] - next
[Mon Nov  4 19:50:26 202] - new xxx
[Mon Nov  4 19:50:26 202] - black JJJJ
[Mon Nov  4 19:50:26 202] - white JKIK
[Mon Nov  4 19:50:26 202] - next
[Mon Nov  4 19:50:28 202] - new xxx
[Mon Nov  4 19:50:28 202] - black JJJJ
[Mon Nov  4 19:50:28 202] - white JKIK
[Mon Nov  4 19:50:28 202] - black KKKJ
[Mon Nov  4 19:50:28 202] - white KLKI
[Mon Nov  4 19:50:28 202] - next
[Mon Nov  4 19:50:32 202] - new xxx
[Mon Nov  4 19:50:32 202] - black JJJJ
[Mon Nov  4 19:50:32 202] - white JKIK
[Mon Nov  4 19:50:32 202] - black KKKJ
[Mon Nov  4 19:50:32 202] - white KLKI
[Mon Nov  4 19:50:32 202] - black LHIJ
[Mon Nov  4 19:50:32 202] - white HKHJ
[Mon Nov  4 19:50:32 202] - next
[Mon Nov  4 19:50:35 202] - new xxx
[Mon Nov  4 19:50:35 202] - black JJJJ
[Mon Nov  4 19:50:35 202] - white JKIK
[Mon Nov  4 19:50:35 202] - black KKKJ
[Mon Nov  4 19:50:35 202] - white KLKI
[Mon Nov  4 19:50:35 202] - black LHIJ
[Mon Nov  4 19:50:35 202] - white HKHJ
[Mon Nov  4 19:50:35 202] - black IIKH
[Mon Nov  4 19:50:35 202] - white IHLJ
[Mon Nov  4 19:50:35 202] - next
[Mon Nov  4 19:50:40 202] - new xxx
[Mon Nov  4 19:50:40 202] - black JJJJ
[Mon Nov  4 19:50:40 202] - white JKIK
[Mon Nov  4 19:50:40 202] - black KKKJ
[Mon Nov  4 19:50:40 202] - white KLKI
[Mon Nov  4 19:50:40 202] - black LHIJ
[Mon Nov  4 19:50:40 202] - white HKHJ
[Mon Nov  4 19:50:40 202] - black IIKH
[Mon Nov  4 19:50:40 202] - white IHLJ
[Mon Nov  4 19:50:40 202] - black GILL
[Mon Nov  4 19:50:40 202] - white MMHI
[Mon Nov  4 19:50:40 202] - next
[Mon Nov  4 19:50:50 202] - name
[Mon Nov  4 19:50:50 202] - depth 4
[Mon Nov  4 19:50:50 202] - vcf
[Mon Nov  4 19:50:50 202] - new xxx
[Mon Nov  4 19:50:50 202] - next
[Mon Nov  4 19:50:51 202] - new xxx
[Mon Nov  4 19:50:51 202] - black JJJJ
[Mon Nov  4 19:50:51 202] - white EFEG
[Mon Nov  4 19:50:51 202] - next
[Mon Nov  4 19:50:53 202] - new xxx
[Mon Nov  4 19:50:53 202] - black JJJJ
[Mon Nov  4 19:50:53 202] - white EFEG
[Mon Nov  4 19:50:53 202] - black EEDE
[Mon Nov  4 19:50:53 202] - white EHEI
[Mon Nov  4 19:50:53 202] - next
[Mon Nov  4 19:53:27 202] - name
[Mon Nov  4 19:53:27 202] - depth 4
[Mon Nov  4 19:53:27 202] - vcf
[Mon Nov  4 19:53:30 202] - name
[Mon Nov  4 19:53:30 202] - depth 4
[Mon Nov  4 19:53:30 202] - vcf
[Mon Nov  4 19:53:30 202] - new xxx
[Mon Nov  4 19:53:30 202] - next
[Mon Nov  4 19:55:37 202] - name
[Mon Nov  4 19:55:37 202] - depth 4
[Mon Nov  4 19:55:37 202] - vcf
[Mon Nov  4 19:55:39 202] - name
[Mon Nov  4 19:55:39 202] - depth 4
[Mon Nov  4 19:55:39 202] - vcf
[Mon Nov  4 19:55:40 202] - new xxx
[Mon Nov  4 19:55:40 202] - next
[Mon Nov  4 19:55:41 202] - new xxx
[Mon Nov  4 19:55:41 202] - black JJJJ
[Mon Nov  4 19:55:41 202] - white IKJK
[Mon Nov  4 19:55:41 202] - next
[Mon Nov  4 19:55:43 202] - new xxx
[Mon Nov  4 19:55:43 202] - black JJJJ
[Mon Nov  4 19:55:43 202] - white IKJK
[Mon Nov  4 19:55:43 202] - black JIJH
[Mon Nov  4 19:55:43 202] - white IIIJ
[Mon Nov  4 19:55:43 202] - next
[Mon Nov  4 19:55:52 202] - new xxx
[Mon Nov  4 19:55:52 202] - black JJJJ
[Mon Nov  4 19:55:52 202] - white IKJK
[Mon Nov  4 19:55:52 202] - black JIJH
[Mon Nov  4 19:55:52 202] - white IIIJ
[Mon Nov  4 19:55:52 202] - black IHHG
[Mon Nov  4 19:55:52 202] - white KJKK
[Mon Nov  4 19:55:52 202] - next
[Mon Nov  4 19:55:59 202] - new xxx
[Mon Nov  4 19:55:59 202] - black JJJJ
[Mon Nov  4 19:55:59 202] - white IKJK
[Mon Nov  4 19:55:59 202] - black JIJH
[Mon Nov  4 19:55:59 202] - white IIIJ
[Mon Nov  4 19:55:59 202] - black IHHG
[Mon Nov  4 19:55:59 202] - white KJKK
[Mon Nov  4 19:55:59 202] - black JGGF
[Mon Nov  4 19:55:59 202] - white FEJE
[Mon Nov  4 19:55:59 202] - next
[Mon Nov  4 19:56:04 202] - new xxx
[Mon Nov  4 19:56:04 202] - black JJJJ
[Mon Nov  4 19:56:04 202] - white IKJK
[Mon Nov  4 19:56:04 202] - black JIJH
[Mon Nov  4 19:56:04 202] - white IIIJ
[Mon Nov  4 19:56:04 202] - black IHHG
[Mon Nov  4 19:56:04 202] - white KJKK
[Mon Nov  4 19:56:04 202] - black JGGF
[Mon Nov  4 19:56:04 202] - white FEJE
[Mon Nov  4 19:56:04 202] - black JFKF
[Mon Nov  4 19:56:04 202] - white IFLF
[Mon Nov  4 19:56:04 202] - next
[Mon Nov  4 19:56:08 202] - name
[Mon Nov  4 19:56:08 202] - depth 4
[Mon Nov  4 19:56:08 202] - vcf
[Mon Nov  4 19:56:08 202] - new xxx
[Mon Nov  4 19:56:08 202] - next
[Mon Nov  4 19:56:09 202] - new xxx
[Mon Nov  4 19:56:09 202] - black JJJJ
[Mon Nov  4 19:56:09 202] - white BBBC
[Mon Nov  4 19:56:09 202] - next
[Mon Nov  4 19:56:10 202] - new xxx
[Mon Nov  4 19:56:10 202] - black JJJJ
[Mon Nov  4 19:56:10 202] - white BBBC
[Mon Nov  4 19:56:10 202] - black JIJH
[Mon Nov  4 19:56:10 202] - white BDBE
[Mon Nov  4 19:56:10 202] - next
[Mon Nov  4 19:56:16 202] - name
[Mon Nov  4 19:56:16 202] - depth 4
[Mon Nov  4 19:56:16 202] - vcf
[Mon Nov  4 19:56:16 202] - new xxx
[Mon Nov  4 19:56:16 202] - next
[Mon Nov  4 19:56:18 202] - new xxx
[Mon Nov  4 19:56:18 202] - black JJJJ
[Mon Nov  4 19:56:18 202] - white DFDG
[Mon Nov  4 19:56:18 202] - next
[Mon Nov  4 19:56:19 202] - new xxx
[Mon Nov  4 19:56:19 202] - black JJJJ
[Mon Nov  4 19:56:19 202] - white DFDG
[Mon Nov  4 19:56:19 202] - black JIJH
[Mon Nov  4 19:56:19 202] - white FCFG
[Mon Nov  4 19:56:19 202] - next
[Mon Nov  4 19:56:20 202] - new xxx
[Mon Nov  4 19:56:20 202] - black JJJJ
[Mon Nov  4 19:56:20 202] - white DFDG
[Mon Nov  4 19:56:20 202] - black JIJH
[Mon Nov  4 19:56:20 202] - white FCFG
[Mon Nov  4 19:56:20 202] - black JGJF
[Mon Nov  4 19:56:20 202] - white HOLP
[Mon Nov  4 19:56:20 202] - next
[Tue Nov  5 10:07:46 202] - name
[Tue Nov  5 10:07:46 202] - depth 4
[Tue Nov  5 10:07:46 202] - vcf
[Tue Nov  5 10:07:48 202] - name
[Tue Nov  5 10:07:48 202] - depth 4
[Tue Nov  5 10:07:48 202] - vcf
[Tue Nov  5 10:07:48 202] - new xxx
[Tue Nov  5 10:07:48 202] - next
[Tue Nov  5 10:07:52 202] - new xxx
[Tue Nov  5 10:07:52 202] - black JJJJ
[Tue Nov  5 10:07:52 202] - white INIM
[Tue Nov  5 10:07:52 202] - next
[Tue Nov  5 10:07:58 202] - new xxx
[Tue Nov  5 10:07:58 202] - black JJJJ
[Tue Nov  5 10:07:58 202] - white INIM
[Tue Nov  5 10:07:58 202] - black JMHM
[Tue Nov  5 10:07:58 202] - white ILHL
[Tue Nov  5 10:07:58 202] - next
[Tue Nov  5 10:08:05 202] - new xxx
[Tue Nov  5 10:08:05 202] - black JJJJ
[Tue Nov  5 10:08:05 202] - white INIM
[Tue Nov  5 10:08:05 202] - black JMHM
[Tue Nov  5 10:08:05 202] - white ILHL
[Tue Nov  5 10:08:05 202] - black IKHK
[Tue Nov  5 10:08:05 202] - white IOIP
[Tue Nov  5 10:08:05 202] - next
[Thu Nov 14 12:57:03 202] - name
[Thu Nov 14 12:57:03 202] - depth 4
[Thu Nov 14 12:57:03 202] - vcf
[Thu Nov 14 12:57:07 202] - name
[Thu Nov 14 12:57:07 202] - depth 4
[Thu Nov 14 12:57:07 202] - vcf
[Thu Nov 14 12:57:07 202] - new xxx
[Thu Nov 14 12:57:07 202] - next
[Thu Nov 14 12:57:09 202] - new xxx
[Thu Nov 14 12:57:09 202] - black JJJJ
[Thu Nov 14 12:57:09 202] - white HLIL
[Thu Nov 14 12:57:09 202] - next
[Thu Nov 14 12:57:10 202] - new xxx
[Thu Nov 14 12:57:10 202] - black JJJJ
[Thu Nov 14 12:57:10 202] - white HLIL
[Thu Nov 14 12:57:10 202] - black ASBS
[Thu Nov 14 12:57:10 202] - white JLKL
[Thu Nov 14 12:57:10 202] - next
[Thu Nov 14 12:57:22 202] - name
[Thu Nov 14 12:57:22 202] - depth 4
[Thu Nov 14 12:57:22 202] - vcf
[Thu Nov 14 12:57:22 202] - new xxx
[Thu Nov 14 12:57:22 202] - next
[Thu Nov 14 12:57:25 202] - new xxx
[Thu Nov 14 12:57:25 202] - black JJJJ
[Thu Nov 14 12:57:25 202] - white HMIM
[Thu Nov 14 12:57:25 202] - next
[Thu Nov 14 12:57:26 202] - new xxx
[Thu Nov 14 12:57:26 202] - black JJJJ
[Thu Nov 14 12:57:26 202] - white HMIM
[Thu Nov 14 12:57:26 202] - black ASBS
[Thu Nov 14 12:57:26 202] - white HNIN
[Thu Nov 14 12:57:26 202] - next
[Thu Nov 14 12:57:27 202] - new xxx
[Thu Nov 14 12:57:27 202] - black JJJJ
[Thu Nov 14 12:57:27 202] - white HMIM
[Thu Nov 14 12:57:27 202] - black ASBS
[Thu Nov 14 12:57:27 202] - white HNIN
[Thu Nov 14 12:57:27 202] - black CSDS
[Thu Nov 14 12:57:27 202] - white HOIO
[Thu Nov 14 12:57:27 202] - next
[Thu Nov 14 13:00:38 202] - name
[Thu Nov 14 13:00:38 202] - depth 4
[Thu Nov 14 13:00:38 202] - vcf
[Thu Nov 14 13:00:42 202] - name
[Thu Nov 14 13:00:42 202] - depth 4
[Thu Nov 14 13:00:42 202] - vcf
[Thu Nov 14 13:00:42 202] - new xxx
[Thu Nov 14 13:00:42 202] - next
[Thu Nov 14 13:00:44 202] - new xxx
[Thu Nov 14 13:00:44 202] - black JJJJ
[Thu Nov 14 13:00:44 202] - white IKJK
[Thu Nov 14 13:00:44 202] - next
[Thu Nov 14 13:00:45 202] - new xxx
[Thu Nov 14 13:00:45 202] - black JJJJ
[Thu Nov 14 13:00:45 202] - white IKJK
[Thu Nov 14 13:00:45 202] - black ASBS
[Thu Nov 14 13:00:45 202] - white ILJL
[Thu Nov 14 13:00:45 202] - next
[Thu Nov 14 13:00:46 202] - new xxx
[Thu Nov 14 13:00:46 202] - black JJJJ
[Thu Nov 14 13:00:46 202] - white IKJK
[Thu Nov 14 13:00:46 202] - black ASBS
[Thu Nov 14 13:00:46 202] - white ILJL
[Thu Nov 14 13:00:46 202] - black CSDS
[Thu Nov 14 13:00:46 202] - white IMJM
[Thu Nov 14 13:00:46 202] - next
[Thu Nov 14 13:07:13 202] - name
[Thu Nov 14 13:07:13 202] - depth 4
[Thu Nov 14 13:07:13 202] - vcf
[Thu Nov 14 13:07:15 202] - name
[Thu Nov 14 13:07:15 202] - depth 4
[Thu Nov 14 13:07:15 202] - vcf
[Thu Nov 14 13:07:15 202] - new xxx
[Thu Nov 14 13:07:15 202] - next
[Thu Nov 14 13:07:16 202] - new xxx
[Thu Nov 14 13:07:16 202] - black JJJJ
[Thu Nov 14 13:07:16 202] - white GNIN
[Thu Nov 14 13:07:16 202] - next
[Thu Nov 14 13:07:17 202] - new xxx
[Thu Nov 14 13:07:17 202] - black JJJJ
[Thu Nov 14 13:07:17 202] - white GNIN
[Thu Nov 14 13:07:17 202] - black ASBS
[Thu Nov 14 13:07:17 202] - white IPJP
[Thu Nov 14 13:07:17 202] - next
[Thu Nov 14 13:07:19 202] - new xxx
[Thu Nov 14 13:07:19 202] - black JJJJ
[Thu Nov 14 13:07:19 202] - white GNIN
[Thu Nov 14 13:07:19 202] - black ASBS
[Thu Nov 14 13:07:19 202] - white IPJP
[Thu Nov 14 13:07:19 202] - black CSDS
[Thu Nov 14 13:07:19 202] - white LONO
[Thu Nov 14 13:07:19 202] - next
[Thu Nov 14 13:10:02 202] - name
[Thu Nov 14 13:10:02 202] - depth 4
[Thu Nov 14 13:10:02 202] - vcf
[Thu Nov 14 13:10:06 202] - name
[Thu Nov 14 13:10:06 202] - depth 4
[Thu Nov 14 13:10:06 202] - vcf
[Thu Nov 14 13:10:06 202] - new xxx
[Thu Nov 14 13:10:06 202] - next
[Thu Nov 14 13:10:07 202] - new xxx
[Thu Nov 14 13:10:07 202] - black JJJJ
[Thu Nov 14 13:10:07 202] - white HOIO
[Thu Nov 14 13:10:07 202] - next
[Thu Nov 14 13:10:08 202] - new xxx
[Thu Nov 14 13:10:08 202] - black JJJJ
[Thu Nov 14 13:10:08 202] - white HOIO
[Thu Nov 14 13:10:08 202] - black ASBS
[Thu Nov 14 13:10:08 202] - white JPLP
[Thu Nov 14 13:10:08 202] - next
[Thu Nov 14 13:10:10 202] - new xxx
[Thu Nov 14 13:10:10 202] - black JJJJ
[Thu Nov 14 13:10:10 202] - white HOIO
[Thu Nov 14 13:10:10 202] - black ASBS
[Thu Nov 14 13:10:10 202] - white JPLP
[Thu Nov 14 13:10:10 202] - black CSDS
[Thu Nov 14 13:10:10 202] - white ESBN
[Thu Nov 14 13:10:10 202] - next
[Thu Nov 14 13:10:11 202] - new xxx
[Thu Nov 14 13:10:11 202] - black JJJJ
[Thu Nov 14 13:10:11 202] - white HOIO
[Thu Nov 14 13:10:11 202] - black ASBS
[Thu Nov 14 13:10:11 202] - white JPLP
[Thu Nov 14 13:10:11 202] - black CSDS
[Thu Nov 14 13:10:11 202] - white ESBN
[Thu Nov 14 13:10:11 202] - black FSGS
[Thu Nov 14 13:10:11 202] - white IRKR
[Thu Nov 14 13:10:11 202] - next
[Thu Nov 14 13:10:12 202] - new xxx
[Thu Nov 14 13:10:12 202] - black JJJJ
[Thu Nov 14 13:10:12 202] - white HOIO
[Thu Nov 14 13:10:12 202] - black ASBS
[Thu Nov 14 13:10:12 202] - white JPLP
[Thu Nov 14 13:10:12 202] - black CSDS
[Thu Nov 14 13:10:12 202] - white ESBN
[Thu Nov 14 13:10:12 202] - black FSGS
[Thu Nov 14 13:10:12 202] - white IRKR
[Thu Nov 14 13:10:12 202] - black HSIS
[Thu Nov 14 13:10:12 202] - white JSLS
[Thu Nov 14 13:10:12 202] - next
[Thu Nov 14 13:10:13 202] - new xxx
[Thu Nov 14 13:10:13 202] - black JJJJ
[Thu Nov 14 13:10:13 202] - white HOIO
[Thu Nov 14 13:10:13 202] - black ASBS
[Thu Nov 14 13:10:13 202] - white JPLP
[Thu Nov 14 13:10:13 202] - black CSDS
[Thu Nov 14 13:10:13 202] - white ESBN
[Thu Nov 14 13:10:13 202] - black FSGS
[Thu Nov 14 13:10:13 202] - white IRKR
[Thu Nov 14 13:10:13 202] - black HSIS
[Thu Nov 14 13:10:13 202] - white JSLS
[Thu Nov 14 13:10:13 202] - black KSMS
[Thu Nov 14 13:10:13 202] - white NSPS
[Thu Nov 14 13:10:13 202] - next
[Thu Nov 14 13:10:14 202] - new xxx
[Thu Nov 14 13:10:14 202] - black JJJJ
[Thu Nov 14 13:10:14 202] - white HOIO
[Thu Nov 14 13:10:14 202] - black ASBS
[Thu Nov 14 13:10:14 202] - white JPLP
[Thu Nov 14 13:10:14 202] - black CSDS
[Thu Nov 14 13:10:14 202] - white ESBN
[Thu Nov 14 13:10:14 202] - black FSGS
[Thu Nov 14 13:10:14 202] - white IRKR
[Thu Nov 14 13:10:14 202] - black HSIS
[Thu Nov 14 13:10:14 202] - white JSLS
[Thu Nov 14 13:10:14 202] - black KSMS
[Thu Nov 14 13:10:14 202] - white NSPS
[Thu Nov 14 13:10:14 202] - black OSQS
[Thu Nov 14 13:10:14 202] - white RSSS
[Thu Nov 14 13:10:14 202] - next
[Thu Nov 14 13:12:31 202] - name
[Thu Nov 14 13:12:31 202] - depth 4
[Thu Nov 14 13:12:31 202] - vcf
[Thu Nov 14 13:12:33 202] - name
[Thu Nov 14 13:12:33 202] - depth 4
[Thu Nov 14 13:12:33 202] - vcf
[Thu Nov 14 13:12:33 202] - new xxx
[Thu Nov 14 13:12:33 202] - next
[Thu Nov 14 13:12:34 202] - new xxx
[Thu Nov 14 13:12:34 202] - black JJJJ
[Thu Nov 14 13:12:34 202] - white HGKL
[Thu Nov 14 13:12:34 202] - next
[Thu Nov 14 13:17:16 202] - name
[Thu Nov 14 13:17:16 202] - depth 4
[Thu Nov 14 13:17:16 202] - vcf
[Thu Nov 14 13:17:19 202] - name
[Thu Nov 14 13:17:19 202] - depth 4
[Thu Nov 14 13:17:19 202] - vcf
[Thu Nov 14 13:17:19 202] - new xxx
[Thu Nov 14 13:17:19 202] - next
[Thu Nov 14 13:17:21 202] - new xxx
[Thu Nov 14 13:17:21 202] - black JJJJ
[Thu Nov 14 13:17:21 202] - white HLIL
[Thu Nov 14 13:17:21 202] - next
[Thu Nov 14 13:18:28 202] - name
[Thu Nov 14 13:18:28 202] - depth 4
[Thu Nov 14 13:18:28 202] - vcf
[Thu Nov 14 13:18:30 202] - name
[Thu Nov 14 13:18:30 202] - depth 4
[Thu Nov 14 13:18:30 202] - vcf
[Thu Nov 14 13:18:30 202] - new xxx
[Thu Nov 14 13:18:30 202] - next
[Thu Nov 14 13:18:31 202] - new xxx
[Thu Nov 14 13:18:31 202] - black JJJJ
[Thu Nov 14 13:18:31 202] - white HMIM
[Thu Nov 14 13:18:31 202] - next
[Thu Nov 14 13:18:33 202] - new xxx
[Thu Nov 14 13:18:33 202] - black JJJJ
[Thu Nov 14 13:18:33 202] - white HMIM
[Thu Nov 14 13:18:33 202] - black HKNB
[Thu Nov 14 13:18:33 202] - white JMKM
[Thu Nov 14 13:18:33 202] - next
[Thu Nov 14 13:18:36 202] - new xxx
[Thu Nov 14 13:18:36 202] - black JJJJ
[Thu Nov 14 13:18:36 202] - white HMIM
[Thu Nov 14 13:18:36 202] - black HKNB
[Thu Nov 14 13:18:36 202] - white JMKM
[Thu Nov 14 13:18:36 202] - black EJNL
[Thu Nov 14 13:18:36 202] - white JNIN
[Thu Nov 14 13:18:36 202] - next
[Thu Nov 14 13:18:37 202] - new xxx
[Thu Nov 14 13:18:37 202] - black JJJJ
[Thu Nov 14 13:18:37 202] - white HMIM
[Thu Nov 14 13:18:37 202] - black HKNB
[Thu Nov 14 13:18:37 202] - white JMKM
[Thu Nov 14 13:18:37 202] - black EJNL
[Thu Nov 14 13:18:37 202] - white JNIN
[Thu Nov 14 13:18:37 202] - black IDEK
[Thu Nov 14 13:18:37 202] - white IOJO
[Thu Nov 14 13:18:37 202] - next
[Thu Nov 14 13:18:39 202] - new xxx
[Thu Nov 14 13:18:39 202] - black JJJJ
[Thu Nov 14 13:18:39 202] - white HMIM
[Thu Nov 14 13:18:39 202] - black HKNB
[Thu Nov 14 13:18:39 202] - white JMKM
[Thu Nov 14 13:18:39 202] - black EJNL
[Thu Nov 14 13:18:39 202] - white JNIN
[Thu Nov 14 13:18:39 202] - black IDEK
[Thu Nov 14 13:18:39 202] - white IOJO
[Thu Nov 14 13:18:39 202] - black MCDQ
[Thu Nov 14 13:18:39 202] - white IPJP
[Thu Nov 14 13:18:39 202] - next
[Thu Nov 14 13:18:42 202] - new xxx
[Thu Nov 14 13:18:42 202] - black JJJJ
[Thu Nov 14 13:18:42 202] - white HMIM
[Thu Nov 14 13:18:42 202] - black HKNB
[Thu Nov 14 13:18:42 202] - white JMKM
[Thu Nov 14 13:18:42 202] - black EJNL
[Thu Nov 14 13:18:42 202] - white JNIN
[Thu Nov 14 13:18:42 202] - black IDEK
[Thu Nov 14 13:18:42 202] - white IOJO
[Thu Nov 14 13:18:42 202] - black MCDQ
[Thu Nov 14 13:18:42 202] - white IPJP
[Thu Nov 14 13:18:42 202] - black LBQG
[Thu Nov 14 13:18:42 202] - white IQJQ
[Thu Nov 14 13:18:42 202] - next
[Thu Nov 14 13:19:09 202] - name
[Thu Nov 14 13:19:09 202] - depth 4
[Thu Nov 14 13:19:09 202] - vcf
[Thu Nov 14 13:19:18 202] - name
[Thu Nov 14 13:19:18 202] - depth 4
[Thu Nov 14 13:19:18 202] - vcf
[Thu Nov 14 13:19:19 202] - new xxx
[Thu Nov 14 13:19:19 202] - black IKIK
[Thu Nov 14 13:19:19 202] - next
[Thu Nov 14 13:19:22 202] - new xxx
[Thu Nov 14 13:19:22 202] - black IKIK
[Thu Nov 14 13:19:22 202] - white OGDA
[Thu Nov 14 13:19:22 202] - black JLJK
[Thu Nov 14 13:19:22 202] - next
[Thu Nov 14 13:19:23 202] - new xxx
[Thu Nov 14 13:19:23 202] - black IKIK
[Thu Nov 14 13:19:23 202] - white OGDA
[Thu Nov 14 13:19:23 202] - black JLJK
[Thu Nov 14 13:19:23 202] - white NMPB
[Thu Nov 14 13:19:23 202] - black JJIJ
[Thu Nov 14 13:19:23 202] - next
[Thu Nov 14 13:19:24 202] - new xxx
[Thu Nov 14 13:19:24 202] - black IKIK
[Thu Nov 14 13:19:24 202] - white OGDA
[Thu Nov 14 13:19:24 202] - black JLJK
[Thu Nov 14 13:19:24 202] - white NMPB
[Thu Nov 14 13:19:24 202] - black JJIJ
[Thu Nov 14 13:19:24 202] - white CJAE
[Thu Nov 14 13:19:24 202] - black JIII
[Thu Nov 14 13:19:24 202] - next
[Thu Nov 14 13:19:25 202] - new xxx
[Thu Nov 14 13:19:25 202] - black IKIK
[Thu Nov 14 13:19:25 202] - white OGDA
[Thu Nov 14 13:19:25 202] - black JLJK
[Thu Nov 14 13:19:25 202] - white NMPB
[Thu Nov 14 13:19:25 202] - black JJIJ
[Thu Nov 14 13:19:25 202] - white CJAE
[Thu Nov 14 13:19:25 202] - black JIII
[Thu Nov 14 13:19:25 202] - white NCHF
[Thu Nov 14 13:19:25 202] - black JHIH
[Thu Nov 14 13:19:25 202] - next
[Thu Nov 14 13:20:35 202] - name
[Thu Nov 14 13:20:35 202] - depth 4
[Thu Nov 14 13:20:35 202] - vcf
[Thu Nov 14 13:20:36 202] - name
[Thu Nov 14 13:20:36 202] - depth 4
[Thu Nov 14 13:20:36 202] - vcf
[Thu Nov 14 13:20:36 202] - new xxx
[Thu Nov 14 13:20:36 202] - next
[Thu Nov 14 13:20:37 202] - new xxx
[Thu Nov 14 13:20:37 202] - black JJJJ
[Thu Nov 14 13:20:37 202] - white JLJM
[Thu Nov 14 13:20:37 202] - next
[Thu Nov 14 13:20:39 202] - new xxx
[Thu Nov 14 13:20:39 202] - black JJJJ
[Thu Nov 14 13:20:39 202] - white JLJM
[Thu Nov 14 13:20:39 202] - black NJRH
[Thu Nov 14 13:20:39 202] - white KMKN
[Thu Nov 14 13:20:39 202] - next
[Thu Nov 14 13:33:54 202] - name
[Thu Nov 14 13:33:54 202] - depth 4
[Thu Nov 14 13:33:54 202] - vcf
[Thu Nov 14 13:33:57 202] - name
[Thu Nov 14 13:33:57 202] - depth 4
[Thu Nov 14 13:33:57 202] - vcf
[Thu Nov 14 13:33:57 202] - new xxx
[Thu Nov 14 13:33:57 202] - next
[Thu Nov 14 13:33:58 202] - new xxx
[Thu Nov 14 13:33:58 202] - black JJJJ
[Thu Nov 14 13:33:58 202] - white ILJM
[Thu Nov 14 13:33:58 202] - next
[Thu Nov 14 13:33:59 202] - new xxx
[Thu Nov 14 13:33:59 202] - black JJJJ
[Thu Nov 14 13:33:59 202] - white ILJM
[Thu Nov 14 13:33:59 202] - black ASAR
[Thu Nov 14 13:33:59 202] - white INJN
[Thu Nov 14 13:33:59 202] - next
[Thu Nov 14 13:34:01 202] - new xxx
[Thu Nov 14 13:34:01 202] - black JJJJ
[Thu Nov 14 13:34:01 202] - white ILJM
[Thu Nov 14 13:34:01 202] - black ASAR
[Thu Nov 14 13:34:01 202] - white INJN
[Thu Nov 14 13:34:01 202] - black BSBR
[Thu Nov 14 13:34:01 202] - white JPIP
[Thu Nov 14 13:34:01 202] - next
[Thu Nov 14 13:34:02 202] - new xxx
[Thu Nov 14 13:34:02 202] - black JJJJ
[Thu Nov 14 13:34:02 202] - white ILJM
[Thu Nov 14 13:34:02 202] - black ASAR
[Thu Nov 14 13:34:02 202] - white INJN
[Thu Nov 14 13:34:02 202] - black BSBR
[Thu Nov 14 13:34:02 202] - white JPIP
[Thu Nov 14 13:34:02 202] - black CSCR
[Thu Nov 14 13:34:02 202] - white IQJQ
[Thu Nov 14 13:34:02 202] - next
[Thu Nov 14 13:34:03 202] - new xxx
[Thu Nov 14 13:34:03 202] - black JJJJ
[Thu Nov 14 13:34:03 202] - white ILJM
[Thu Nov 14 13:34:03 202] - black ASAR
[Thu Nov 14 13:34:03 202] - white INJN
[Thu Nov 14 13:34:03 202] - black BSBR
[Thu Nov 14 13:34:03 202] - white JPIP
[Thu Nov 14 13:34:03 202] - black CSCR
[Thu Nov 14 13:34:03 202] - white IQJQ
[Thu Nov 14 13:34:03 202] - black DSDR
[Thu Nov 14 13:34:03 202] - white ERES
[Thu Nov 14 13:34:03 202] - next
[Thu Nov 14 13:34:11 202] - new xxx
[Thu Nov 14 13:34:11 202] - black JJJJ
[Thu Nov 14 13:34:11 202] - white ILJM
[Thu Nov 14 13:34:11 202] - black ASAR
[Thu Nov 14 13:34:11 202] - white INJN
[Thu Nov 14 13:34:11 202] - black BSBR
[Thu Nov 14 13:34:11 202] - white JPIP
[Thu Nov 14 13:34:11 202] - black CSCR
[Thu Nov 14 13:34:11 202] - white IQJQ
[Thu Nov 14 13:34:11 202] - black DSDR
[Thu Nov 14 13:34:11 202] - white ERES
[Thu Nov 14 13:34:11 202] - black FSFR
[Thu Nov 14 13:34:11 202] - white GRHS
[Thu Nov 14 13:34:11 202] - next
[Thu Nov 14 13:38:40 202] - name
[Thu Nov 14 13:38:40 202] - depth 4
[Thu Nov 14 13:38:40 202] - vcf
[Thu Nov 14 13:38:44 202] - name
[Thu Nov 14 13:38:44 202] - depth 4
[Thu Nov 14 13:38:44 202] - vcf
[Thu Nov 14 13:38:44 202] - new xxx
[Thu Nov 14 13:38:44 202] - next
[Thu Nov 14 13:38:45 202] - new xxx
[Thu Nov 14 13:38:45 202] - black JJJJ
[Thu Nov 14 13:38:45 202] - white IMKM
[Thu Nov 14 13:38:45 202] - next
[Thu Nov 14 13:45:35 202] - name
[Thu Nov 14 13:45:35 202] - depth 4
[Thu Nov 14 13:45:35 202] - vcf
[Thu Nov 14 13:45:36 202] - name
[Thu Nov 14 13:45:36 202] - depth 4
[Thu Nov 14 13:45:36 202] - vcf
[Thu Nov 14 13:45:36 202] - new xxx
[Thu Nov 14 13:45:36 202] - next
[Thu Nov 14 13:45:37 202] - new xxx
[Thu Nov 14 13:45:37 202] - black JJJJ
[Thu Nov 14 13:45:37 202] - white IPJP
[Thu Nov 14 13:45:37 202] - next
[Thu Nov 14 13:45:39 202] - new xxx
[Thu Nov 14 13:45:39 202] - black JJJJ
[Thu Nov 14 13:45:39 202] - white IPJP
[Thu Nov 14 13:45:39 202] - black SGOC
[Thu Nov 14 13:45:39 202] - white LMMM
[Thu Nov 14 13:45:39 202] - next
[Thu Nov 14 13:45:43 202] - new xxx
[Thu Nov 14 13:45:43 202] - black JJJJ
[Thu Nov 14 13:45:43 202] - white IPJP
[Thu Nov 14 13:45:43 202] - black SGOC
[Thu Nov 14 13:45:43 202] - white LMMM
[Thu Nov 14 13:45:43 202] - black EFNC
[Thu Nov 14 13:45:43 202] - white DMFL
[Thu Nov 14 13:45:43 202] - next
[Thu Nov 14 13:45:52 202] - new xxx
[Thu Nov 14 13:45:52 202] - black JJJJ
[Thu Nov 14 13:45:52 202] - white IPJP
[Thu Nov 14 13:45:52 202] - black SGOC
[Thu Nov 14 13:45:52 202] - white LMMM
[Thu Nov 14 13:45:52 202] - black EFNC
[Thu Nov 14 13:45:52 202] - white DMFL
[Thu Nov 14 13:45:52 202] - black LBSD
[Thu Nov 14 13:45:52 202] - white GGGJ
[Thu Nov 14 13:45:52 202] - next
[Thu Nov 14 13:45:53 202] - new xxx
[Thu Nov 14 13:45:53 202] - black JJJJ
[Thu Nov 14 13:45:53 202] - white IPJP
[Thu Nov 14 13:45:53 202] - black SGOC
[Thu Nov 14 13:45:53 202] - white LMMM
[Thu Nov 14 13:45:53 202] - black EFNC
[Thu Nov 14 13:45:53 202] - white DMFL
[Thu Nov 14 13:45:53 202] - black LBSD
[Thu Nov 14 13:45:53 202] - white GGGJ
[Thu Nov 14 13:45:53 202] - black KOMK
[Thu Nov 14 13:45:53 202] - white OKPL
[Thu Nov 14 13:45:53 202] - next
[Thu Nov 14 13:45:55 202] - new xxx
[Thu Nov 14 13:45:55 202] - black JJJJ
[Thu Nov 14 13:45:55 202] - white IPJP
[Thu Nov 14 13:45:55 202] - black SGOC
[Thu Nov 14 13:45:55 202] - white LMMM
[Thu Nov 14 13:45:55 202] - black EFNC
[Thu Nov 14 13:45:55 202] - white DMFL
[Thu Nov 14 13:45:55 202] - black LBSD
[Thu Nov 14 13:45:55 202] - white GGGJ
[Thu Nov 14 13:45:55 202] - black KOMK
[Thu Nov 14 13:45:55 202] - white OKPL
[Thu Nov 14 13:45:55 202] - black NBMS
[Thu Nov 14 13:45:55 202] - white LHKI
[Thu Nov 14 13:45:55 202] - next
[Thu Nov 14 13:45:56 202] - new xxx
[Thu Nov 14 13:45:56 202] - black JJJJ
[Thu Nov 14 13:45:56 202] - white IPJP
[Thu Nov 14 13:45:56 202] - black SGOC
[Thu Nov 14 13:45:56 202] - white LMMM
[Thu Nov 14 13:45:56 202] - black EFNC
[Thu Nov 14 13:45:56 202] - white DMFL
[Thu Nov 14 13:45:56 202] - black LBSD
[Thu Nov 14 13:45:56 202] - white GGGJ
[Thu Nov 14 13:45:56 202] - black KOMK
[Thu Nov 14 13:45:56 202] - white OKPL
[Thu Nov 14 13:45:56 202] - black NBMS
[Thu Nov 14 13:45:56 202] - white LHKI
[Thu Nov 14 13:45:56 202] - black INQH
[Thu Nov 14 13:45:56 202] - white JFNI
[Thu Nov 14 13:45:56 202] - next
[Thu Nov 14 13:45:57 202] - new xxx
[Thu Nov 14 13:45:57 202] - black JJJJ
[Thu Nov 14 13:45:57 202] - white IPJP
[Thu Nov 14 13:45:57 202] - black SGOC
[Thu Nov 14 13:45:57 202] - white LMMM
[Thu Nov 14 13:45:57 202] - black EFNC
[Thu Nov 14 13:45:57 202] - white DMFL
[Thu Nov 14 13:45:57 202] - black LBSD
[Thu Nov 14 13:45:57 202] - white GGGJ
[Thu Nov 14 13:45:57 202] - black KOMK
[Thu Nov 14 13:45:57 202] - white OKPL
[Thu Nov 14 13:45:57 202] - black NBMS
[Thu Nov 14 13:45:57 202] - white LHKI
[Thu Nov 14 13:45:57 202] - black INQH
[Thu Nov 14 13:45:57 202] - white JFNI
[Thu Nov 14 13:45:57 202] - black JGON
[Thu Nov 14 13:45:57 202] - white MONM
[Thu Nov 14 13:45:57 202] - next
[Thu Nov 14 13:46:02 202] - name
[Thu Nov 14 13:46:02 202] - depth 4
[Thu Nov 14 13:46:02 202] - vcf
[Thu Nov 14 13:46:02 202] - new xxx
[Thu Nov 14 13:46:02 202] - next
[Thu Nov 14 13:46:03 202] - new xxx
[Thu Nov 14 13:46:03 202] - black JJJJ
[Thu Nov 14 13:46:03 202] - white GJIK
[Thu Nov 14 13:46:03 202] - next
[Thu Nov 14 13:47:04 202] - name
[Thu Nov 14 13:47:04 202] - depth 4
[Thu Nov 14 13:47:04 202] - vcf
[Thu Nov 14 13:47:06 202] - name
[Thu Nov 14 13:47:06 202] - depth 4
[Thu Nov 14 13:47:06 202] - vcf
[Thu Nov 14 13:47:06 202] - new xxx
[Thu Nov 14 13:47:06 202] - next
[Thu Nov 14 13:47:07 202] - new xxx
[Thu Nov 14 13:47:07 202] - black JJJJ
[Thu Nov 14 13:47:07 202] - white ILJM
[Thu Nov 14 13:47:07 202] - next
[Thu Nov 14 13:47:08 202] - new xxx
[Thu Nov 14 13:47:08 202] - black JJJJ
[Thu Nov 14 13:47:08 202] - white ILJM
[Thu Nov 14 13:47:08 202] - black RNCD
[Thu Nov 14 13:47:08 202] - white HOJO
[Thu Nov 14 13:47:08 202] - next
[Thu Nov 14 13:47:09 202] - new xxx
[Thu Nov 14 13:47:09 202] - black JJJJ
[Thu Nov 14 13:47:09 202] - white ILJM
[Thu Nov 14 13:47:09 202] - black RNCD
[Thu Nov 14 13:47:09 202] - white HOJO
[Thu Nov 14 13:47:09 202] - black MHSC
[Thu Nov 14 13:47:09 202] - white IQJQ
[Thu Nov 14 13:47:09 202] - next
[Thu Nov 14 13:47:10 202] - new xxx
[Thu Nov 14 13:47:10 202] - black JJJJ
[Thu Nov 14 13:47:10 202] - white ILJM
[Thu Nov 14 13:47:10 202] - black RNCD
[Thu Nov 14 13:47:10 202] - white HOJO
[Thu Nov 14 13:47:10 202] - black MHSC
[Thu Nov 14 13:47:10 202] - white IQJQ
[Thu Nov 14 13:47:10 202] - black OJHA
[Thu Nov 14 13:47:10 202] - white GQHP
[Thu Nov 14 13:47:10 202] - next
[Thu Nov 14 13:47:11 202] - new xxx
[Thu Nov 14 13:47:11 202] - black JJJJ
[Thu Nov 14 13:47:11 202] - white ILJM
[Thu Nov 14 13:47:11 202] - black RNCD
[Thu Nov 14 13:47:11 202] - white HOJO
[Thu Nov 14 13:47:11 202] - black MHSC
[Thu Nov 14 13:47:11 202] - white IQJQ
[Thu Nov 14 13:47:11 202] - black OJHA
[Thu Nov 14 13:47:11 202] - white GQHP
[Thu Nov 14 13:47:11 202] - black HHFM
[Thu Nov 14 13:47:11 202] - white FOHN
[Thu Nov 14 13:47:11 202] - next
[Thu Nov 14 13:47:12 202] - new xxx
[Thu Nov 14 13:47:12 202] - black JJJJ
[Thu Nov 14 13:47:12 202] - white ILJM
[Thu Nov 14 13:47:12 202] - black RNCD
[Thu Nov 14 13:47:12 202] - white HOJO
[Thu Nov 14 13:47:12 202] - black MHSC
[Thu Nov 14 13:47:12 202] - white IQJQ
[Thu Nov 14 13:47:12 202] - black OJHA
[Thu Nov 14 13:47:12 202] - white GQHP
[Thu Nov 14 13:47:12 202] - black HHFM
[Thu Nov 14 13:47:12 202] - white FOHN
[Thu Nov 14 13:47:12 202] - black FFMM
[Thu Nov 14 13:47:12 202] - white HLGK
[Thu Nov 14 13:47:12 202] - next
[Thu Nov 14 13:47:13 202] - new xxx
[Thu Nov 14 13:47:13 202] - black JJJJ
[Thu Nov 14 13:47:13 202] - white ILJM
[Thu Nov 14 13:47:13 202] - black RNCD
[Thu Nov 14 13:47:13 202] - white HOJO
[Thu Nov 14 13:47:13 202] - black MHSC
[Thu Nov 14 13:47:13 202] - white IQJQ
[Thu Nov 14 13:47:13 202] - black OJHA
[Thu Nov 14 13:47:13 202] - white GQHP
[Thu Nov 14 13:47:13 202] - black HHFM
[Thu Nov 14 13:47:13 202] - white FOHN
[Thu Nov 14 13:47:13 202] - black FFMM
[Thu Nov 14 13:47:13 202] - white HLGK
[Thu Nov 14 13:47:13 202] - black DGNI
[Thu Nov 14 13:47:13 202] - white IKKI
[Thu Nov 14 13:47:13 202] - next
[Thu Nov 14 13:47:14 202] - new xxx
[Thu Nov 14 13:47:14 202] - black JJJJ
[Thu Nov 14 13:47:14 202] - white ILJM
[Thu Nov 14 13:47:14 202] - black RNCD
[Thu Nov 14 13:47:14 202] - white HOJO
[Thu Nov 14 13:47:14 202] - black MHSC
[Thu Nov 14 13:47:14 202] - white IQJQ
[Thu Nov 14 13:47:14 202] - black OJHA
[Thu Nov 14 13:47:14 202] - white GQHP
[Thu Nov 14 13:47:14 202] - black HHFM
[Thu Nov 14 13:47:14 202] - white FOHN
[Thu Nov 14 13:47:14 202] - black FFMM
[Thu Nov 14 13:47:14 202] - white HLGK
[Thu Nov 14 13:47:14 202] - black DGNI
[Thu Nov 14 13:47:14 202] - white IKKI
[Thu Nov 14 13:47:14 202] - black BICL
[Thu Nov 14 13:47:14 202] - white LKIH
[Thu Nov 14 13:47:14 202] - next
[Thu Nov 14 13:47:15 202] - new xxx
[Thu Nov 14 13:47:15 202] - black JJJJ
[Thu Nov 14 13:47:15 202] - white ILJM
[Thu Nov 14 13:47:15 202] - black RNCD
[Thu Nov 14 13:47:15 202] - white HOJO
[Thu Nov 14 13:47:15 202] - black MHSC
[Thu Nov 14 13:47:15 202] - white IQJQ
[Thu Nov 14 13:47:15 202] - black OJHA
[Thu Nov 14 13:47:15 202] - white GQHP
[Thu Nov 14 13:47:15 202] - black HHFM
[Thu Nov 14 13:47:15 202] - white FOHN
[Thu Nov 14 13:47:15 202] - black FFMM
[Thu Nov 14 13:47:15 202] - white HLGK
[Thu Nov 14 13:47:15 202] - black DGNI
[Thu Nov 14 13:47:15 202] - white IKKI
[Thu Nov 14 13:47:15 202] - black BICL
[Thu Nov 14 13:47:15 202] - white LKIH
[Thu Nov 14 13:47:15 202] - black ISMQ
[Thu Nov 14 13:47:15 202] - white HJGI
[Thu Nov 14 13:47:15 202] - next
[Thu Nov 14 13:47:18 202] - name
[Thu Nov 14 13:47:18 202] - depth 4
[Thu Nov 14 13:47:18 202] - vcf
[Thu Nov 14 13:47:18 202] - new xxx
[Thu Nov 14 13:47:18 202] - next
[Thu Nov 14 13:47:19 202] - new xxx
[Thu Nov 14 13:47:19 202] - black JJJJ
[Thu Nov 14 13:47:19 202] - white GLIL
[Thu Nov 14 13:47:19 202] - next
[Thu Nov 14 13:47:20 202] - new xxx
[Thu Nov 14 13:47:20 202] - black JJJJ
[Thu Nov 14 13:47:20 202] - white GLIL
[Thu Nov 14 13:47:20 202] - black FHHB
[Thu Nov 14 13:47:20 202] - white HKII
[Thu Nov 14 13:47:20 202] - next
[Thu Nov 14 13:47:21 202] - new xxx
[Thu Nov 14 13:47:21 202] - black JJJJ
[Thu Nov 14 13:47:21 202] - white GLIL
[Thu Nov 14 13:47:21 202] - black FHHB
[Thu Nov 14 13:47:21 202] - white HKII
[Thu Nov 14 13:47:21 202] - black BFJM
[Thu Nov 14 13:47:21 202] - white KHLJ
[Thu Nov 14 13:47:21 202] - next
[Thu Nov 14 14:25:53 202] - name
[Thu Nov 14 14:25:53 202] - depth 4
[Thu Nov 14 14:25:53 202] - vcf
[Thu Nov 14 14:25:56 202] - name
[Thu Nov 14 14:25:56 202] - depth 4
[Thu Nov 14 14:25:56 202] - vcf
[Thu Nov 14 14:25:56 202] - new xxx
[Thu Nov 14 14:25:56 202] - next
[Thu Nov 14 14:25:57 202] - new xxx
[Thu Nov 14 14:25:57 202] - black JJJJ
[Thu Nov 14 14:25:57 202] - white ILJL
[Thu Nov 14 14:25:57 202] - next
[Thu Nov 14 14:25:58 202] - new xxx
[Thu Nov 14 14:25:58 202] - black JJJJ
[Thu Nov 14 14:25:58 202] - white ILJL
[Thu Nov 14 14:25:58 202] - black LDNJ
[Thu Nov 14 14:25:58 202] - white KLLL
[Thu Nov 14 14:25:58 202] - next
[Thu Nov 14 14:26:00 202] - new xxx
[Thu Nov 14 14:26:00 202] - black JJJJ
[Thu Nov 14 14:26:00 202] - white ILJL
[Thu Nov 14 14:26:00 202] - black LDNJ
[Thu Nov 14 14:26:00 202] - white KLLL
[Thu Nov 14 14:26:00 202] - black EHCP
[Thu Nov 14 14:26:00 202] - white IKJK
[Thu Nov 14 14:26:00 202] - next
[Thu Nov 14 14:26:03 202] - new xxx
[Thu Nov 14 14:26:03 202] - black JJJJ
[Thu Nov 14 14:26:03 202] - white ILJL
[Thu Nov 14 14:26:03 202] - black LDNJ
[Thu Nov 14 14:26:03 202] - white KLLL
[Thu Nov 14 14:26:03 202] - black EHCP
[Thu Nov 14 14:26:03 202] - white IKJK
[Thu Nov 14 14:26:03 202] - black EKPD
[Thu Nov 14 14:26:03 202] - white IPMQ
[Thu Nov 14 14:26:03 202] - next
[Thu Nov 14 14:26:04 202] - new xxx
[Thu Nov 14 14:26:04 202] - black JJJJ
[Thu Nov 14 14:26:04 202] - white ILJL
[Thu Nov 14 14:26:04 202] - black LDNJ
[Thu Nov 14 14:26:04 202] - white KLLL
[Thu Nov 14 14:26:04 202] - black EHCP
[Thu Nov 14 14:26:04 202] - white IKJK
[Thu Nov 14 14:26:04 202] - black EKPD
[Thu Nov 14 14:26:04 202] - white IPMQ
[Thu Nov 14 14:26:04 202] - black OHID
[Thu Nov 14 14:26:04 202] - white JONO
[Thu Nov 14 14:26:04 202] - next
[Thu Nov 14 14:26:06 202] - new xxx
[Thu Nov 14 14:26:06 202] - black JJJJ
[Thu Nov 14 14:26:06 202] - white ILJL
[Thu Nov 14 14:26:06 202] - black LDNJ
[Thu Nov 14 14:26:06 202] - white KLLL
[Thu Nov 14 14:26:06 202] - black EHCP
[Thu Nov 14 14:26:06 202] - white IKJK
[Thu Nov 14 14:26:06 202] - black EKPD
[Thu Nov 14 14:26:06 202] - white IPMQ
[Thu Nov 14 14:26:06 202] - black OHID
[Thu Nov 14 14:26:06 202] - white JONO
[Thu Nov 14 14:26:06 202] - black EGKD
[Thu Nov 14 14:26:06 202] - white LOJP
[Thu Nov 14 14:26:06 202] - next
[Thu Nov 14 14:32:43 202] - name
[Thu Nov 14 14:32:43 202] - depth 4
[Thu Nov 14 14:32:43 202] - vcf
[Thu Nov 14 14:32:45 202] - name
[Thu Nov 14 14:32:45 202] - depth 4
[Thu Nov 14 14:32:45 202] - vcf
[Thu Nov 14 14:32:45 202] - new xxx
[Thu Nov 14 14:32:45 202] - next
[Thu Nov 14 14:32:46 202] - new xxx
[Thu Nov 14 14:32:46 202] - black JJJJ
[Thu Nov 14 14:32:46 202] - white GMIN
[Thu Nov 14 14:32:46 202] - next
[Thu Nov 14 14:32:48 202] - new xxx
[Thu Nov 14 14:32:48 202] - black JJJJ
[Thu Nov 14 14:32:48 202] - white GMIN
[Thu Nov 14 14:32:48 202] - black BRHF
[Thu Nov 14 14:32:48 202] - white LONO
[Thu Nov 14 14:32:48 202] - next
[Thu Nov 14 14:32:49 202] - new xxx
[Thu Nov 14 14:32:49 202] - black JJJJ
[Thu Nov 14 14:32:49 202] - white GMIN
[Thu Nov 14 14:32:49 202] - black BRHF
[Thu Nov 14 14:32:49 202] - white LONO
[Thu Nov 14 14:32:49 202] - black IQOD
[Thu Nov 14 14:32:49 202] - white NLPD
[Thu Nov 14 14:32:49 202] - next
[Thu Nov 14 14:32:50 202] - new xxx
[Thu Nov 14 14:32:50 202] - black JJJJ
[Thu Nov 14 14:32:50 202] - white GMIN
[Thu Nov 14 14:32:50 202] - black BRHF
[Thu Nov 14 14:32:50 202] - white LONO
[Thu Nov 14 14:32:50 202] - black IQOD
[Thu Nov 14 14:32:50 202] - white NLPD
[Thu Nov 14 14:32:50 202] - black OQHA
[Thu Nov 14 14:32:50 202] - white QLJG
[Thu Nov 14 14:32:50 202] - next
[Thu Nov 14 14:33:00 202] - name
[Thu Nov 14 14:33:00 202] - depth 4
[Thu Nov 14 14:33:00 202] - vcf
[Thu Nov 14 14:33:00 202] - new xxx
[Thu Nov 14 14:33:00 202] - next
[Thu Nov 14 14:33:02 202] - new xxx
[Thu Nov 14 14:33:02 202] - black JJJJ
[Thu Nov 14 14:33:02 202] - white AABB
[Thu Nov 14 14:33:02 202] - next
[Thu Nov 14 14:33:03 202] - new xxx
[Thu Nov 14 14:33:03 202] - black JJJJ
[Thu Nov 14 14:33:03 202] - white AABB
[Thu Nov 14 14:33:03 202] - black RLFP
[Thu Nov 14 14:33:03 202] - white CCDD
[Thu Nov 14 14:33:03 202] - next
[Thu Nov 14 17:35:41 202] - name
[Thu Nov 14 17:35:41 202] - depth 4
[Thu Nov 14 17:35:41 202] - vcf
[Thu Nov 14 17:35:44 202] - name
[Thu Nov 14 17:35:44 202] - depth 4
[Thu Nov 14 17:35:44 202] - vcf
[Thu Nov 14 17:35:44 202] - new xxx
[Thu Nov 14 17:35:44 202] - next
[Thu Nov 14 17:35:46 202] - new xxx
[Thu Nov 14 17:35:46 202] - black JJJJ
[Thu Nov 14 17:35:46 202] - white IJIK
[Thu Nov 14 17:35:46 202] - next
[Thu Nov 14 17:35:48 202] - new xxx
[Thu Nov 14 17:35:48 202] - black JJJJ
[Thu Nov 14 17:35:48 202] - white IJIK
[Thu Nov 14 17:35:48 202] - black HLGM
[Thu Nov 14 17:35:48 202] - white JLLL
[Thu Nov 14 17:35:48 202] - next
[Thu Nov 14 17:43:32 202] - name
[Thu Nov 14 17:43:32 202] - depth 4
[Thu Nov 14 17:43:32 202] - vcf
[Thu Nov 14 17:43:34 202] - name
[Thu Nov 14 17:43:34 202] - depth 4
[Thu Nov 14 17:43:34 202] - vcf
[Thu Nov 14 17:43:34 202] - new xxx
[Thu Nov 14 17:43:34 202] - next
[Thu Nov 14 17:43:35 202] - new xxx
[Thu Nov 14 17:43:35 202] - black JJJJ
[Thu Nov 14 17:43:35 202] - white HMKN
[Thu Nov 14 17:43:35 202] - next
[Thu Nov 14 17:43:37 202] - new xxx
[Thu Nov 14 17:43:37 202] - black JJJJ
[Thu Nov 14 17:43:37 202] - white HMKN
[Thu Nov 14 17:43:37 202] - black HLGM
[Thu Nov 14 17:43:37 202] - white GPJP
[Thu Nov 14 17:43:37 202] - next
[Fri Nov 15 23:48:51 202] - name
[Fri Nov 15 23:48:51 202] - depth 4
[Fri Nov 15 23:48:51 202] - vcf
[Fri Nov 15 23:48:54 202] - name
[Fri Nov 15 23:48:54 202] - depth 4
[Fri Nov 15 23:48:54 202] - vcf
[Fri Nov 15 23:48:54 202] - new xxx
[Fri Nov 15 23:48:54 202] - next
[Fri Nov 15 23:48:55 202] - new xxx
[Fri Nov 15 23:48:55 202] - black JJJJ
[Fri Nov 15 23:48:55 202] - white LONO
[Fri Nov 15 23:48:55 202] - next
[Fri Nov 15 23:48:56 202] - new xxx
[Fri Nov 15 23:48:56 202] - black JJJJ
[Fri Nov 15 23:48:56 202] - white LONO
[Fri Nov 15 23:48:56 202] - black JIJH
[Fri Nov 15 23:48:56 202] - white MNJG
[Fri Nov 15 23:48:56 202] - next
[Fri Nov 15 23:48:59 202] - new xxx
[Fri Nov 15 23:48:59 202] - black JJJJ
[Fri Nov 15 23:48:59 202] - white LONO
[Fri Nov 15 23:48:59 202] - black JIJH
[Fri Nov 15 23:48:59 202] - white MNJG
[Fri Nov 15 23:48:59 202] - black KJLJ
[Fri Nov 15 23:48:59 202] - white MJIJ
[Fri Nov 15 23:48:59 202] - next
[Fri Nov 15 23:49:03 202] - new xxx
[Fri Nov 15 23:49:03 202] - black JJJJ
[Fri Nov 15 23:49:03 202] - white LONO
[Fri Nov 15 23:49:03 202] - black JIJH
[Fri Nov 15 23:49:03 202] - white MNJG
[Fri Nov 15 23:49:03 202] - black KJLJ
[Fri Nov 15 23:49:03 202] - white MJIJ
[Fri Nov 15 23:49:03 202] - black LIIG
[Fri Nov 15 23:49:03 202] - white INLM
[Fri Nov 15 23:49:03 202] - next
[Fri Nov 15 23:49:07 202] - new xxx
[Fri Nov 15 23:49:07 202] - black JJJJ
[Fri Nov 15 23:49:07 202] - white LONO
[Fri Nov 15 23:49:07 202] - black JIJH
[Fri Nov 15 23:49:07 202] - white MNJG
[Fri Nov 15 23:49:07 202] - black KJLJ
[Fri Nov 15 23:49:07 202] - white MJIJ
[Fri Nov 15 23:49:07 202] - black LIIG
[Fri Nov 15 23:49:07 202] - white INLM
[Fri Nov 15 23:49:07 202] - black KIMI
[Fri Nov 15 23:49:07 202] - white NIII
[Fri Nov 15 23:49:07 202] - next
[Fri Nov 15 23:51:31 202] - name
[Fri Nov 15 23:51:31 202] - depth 4
[Fri Nov 15 23:51:31 202] - vcf
[Fri Nov 15 23:51:33 202] - name
[Fri Nov 15 23:51:33 202] - depth 4
[Fri Nov 15 23:51:33 202] - vcf
[Fri Nov 15 23:51:33 202] - new xxx
[Fri Nov 15 23:51:33 202] - next
[Fri Nov 15 23:51:35 202] - new xxx
[Fri Nov 15 23:51:35 202] - black JJJJ
[Fri Nov 15 23:51:35 202] - white LPMO
[Fri Nov 15 23:51:35 202] - next
[Fri Nov 15 23:51:36 202] - new xxx
[Fri Nov 15 23:51:36 202] - black JJJJ
[Fri Nov 15 23:51:36 202] - white LPMO
[Fri Nov 15 23:51:36 202] - black JIJH
[Fri Nov 15 23:51:36 202] - white NLNK
[Fri Nov 15 23:51:36 202] - next
[Fri Nov 15 23:51:39 202] - new xxx
[Fri Nov 15 23:51:39 202] - black JJJJ
[Fri Nov 15 23:51:39 202] - white LPMO
[Fri Nov 15 23:51:39 202] - black JIJH
[Fri Nov 15 23:51:39 202] - white NLNK
[Fri Nov 15 23:51:39 202] - black JGJF
[Fri Nov 15 23:51:39 202] - white JEJK
[Fri Nov 15 23:51:39 202] - next
[Fri Nov 15 23:51:42 202] - new xxx
[Fri Nov 15 23:51:42 202] - black JJJJ
[Fri Nov 15 23:51:42 202] - white LPMO
[Fri Nov 15 23:51:42 202] - black JIJH
[Fri Nov 15 23:51:42 202] - white NLNK
[Fri Nov 15 23:51:42 202] - black JGJF
[Fri Nov 15 23:51:42 202] - white JEJK
[Fri Nov 15 23:51:42 202] - black KGLG
[Fri Nov 15 23:51:42 202] - white MGIG
[Fri Nov 15 23:51:42 202] - next
[Sat Nov 16 00:16:19 202] - name
[Sat Nov 16 00:16:19 202] - depth 4
[Sat Nov 16 00:16:19 202] - vcf
[Sat Nov 16 00:16:20 202] - name
[Sat Nov 16 00:16:20 202] - depth 4
[Sat Nov 16 00:16:20 202] - vcf
[Sat Nov 16 00:16:20 202] - new xxx
[Sat Nov 16 00:16:20 202] - next
[Sat Nov 16 00:16:21 202] - new xxx
[Sat Nov 16 00:16:21 202] - black JJJJ
[Sat Nov 16 00:16:21 202] - white IOKP
[Sat Nov 16 00:16:21 202] - next
[Sat Nov 16 00:22:17 202] - name
[Sat Nov 16 00:22:17 202] - depth 4
[Sat Nov 16 00:22:17 202] - vcf
[Sat Nov 16 00:22:19 202] - name
[Sat Nov 16 00:22:19 202] - depth 4
[Sat Nov 16 00:22:19 202] - vcf
[Sat Nov 16 00:22:19 202] - new xxx
[Sat Nov 16 00:22:19 202] - next
[Sat Nov 16 00:22:22 202] - new xxx
[Sat Nov 16 00:22:22 202] - black JJJJ
[Sat Nov 16 00:22:22 202] - white LONN
[Sat Nov 16 00:22:22 202] - next
[Sat Nov 16 00:25:55 202] - name
[Sat Nov 16 00:25:55 202] - depth 4
[Sat Nov 16 00:25:55 202] - vcf
[Sat Nov 16 00:25:56 202] - name
[Sat Nov 16 00:25:56 202] - depth 4
[Sat Nov 16 00:25:56 202] - vcf
[Sat Nov 16 00:25:57 202] - new xxx
[Sat Nov 16 00:25:57 202] - next
[Sat Nov 16 00:25:58 202] - new xxx
[Sat Nov 16 00:25:58 202] - black JJJJ
[Sat Nov 16 00:25:58 202] - white MNNK
[Sat Nov 16 00:25:58 202] - next
[Sat Nov 16 00:27:14 202] - name
[Sat Nov 16 00:27:14 202] - depth 4
[Sat Nov 16 00:27:14 202] - vcf
[Sat Nov 16 00:27:16 202] - name
[Sat Nov 16 00:27:16 202] - depth 4
[Sat Nov 16 00:27:16 202] - vcf
[Sat Nov 16 00:27:16 202] - new xxx
[Sat Nov 16 00:27:16 202] - next
[Sat Nov 16 00:27:17 202] - new xxx
[Sat Nov 16 00:27:17 202] - black JJJJ
[Sat Nov 16 00:27:17 202] - white KLNL
[Sat Nov 16 00:27:17 202] - next
[Sat Nov 16 00:31:53 202] - name
[Sat Nov 16 00:31:53 202] - depth 4
[Sat Nov 16 00:31:53 202] - vcf
[Sat Nov 16 00:31:55 202] - name
[Sat Nov 16 00:31:55 202] - depth 4
[Sat Nov 16 00:31:55 202] - vcf
[Sat Nov 16 00:31:55 202] - new xxx
[Sat Nov 16 00:31:55 202] - next
[Sat Nov 16 00:33:30 202] - name
[Sat Nov 16 00:33:30 202] - depth 4
[Sat Nov 16 00:33:30 202] - vcf
[Sat Nov 16 00:33:35 202] - name
[Sat Nov 16 00:33:35 202] - depth 4
[Sat Nov 16 00:33:35 202] - vcf
[Sat Nov 16 00:33:35 202] - new xxx
[Sat Nov 16 00:33:35 202] - next
[Sat Nov 16 00:33:36 202] - new xxx
[Sat Nov 16 00:33:36 202] - black JJJJ
[Sat Nov 16 00:33:36 202] - white MMOM
[Sat Nov 16 00:33:36 202] - next
